#
# A fatal error has been detected by the Java Runtime Environment:
#
#  SIGSEGV (0xb) at pc=0x0000000108e30668, pid=8708, tid=9731
#
# JRE version: 7.0_17-b02
# Java VM: Java HotSpot(TM) 64-Bit Server VM (23.7-b01 mixed mode bsd-amd64 compressed oops)
# Problematic frame:
# V  [libjvm.dylib+0x41d668]
#
# Failed to write core dump. Core dumps have been disabled. To enable core dumping, try "ulimit -c unlimited" before starting Java again
#
# If you would like to submit a bug report, please visit:
#   http://bugreport.sun.com/bugreport/crash.jsp
#

---------------  T H R E A D  ---------------

Current thread (0x00007f90d5006800):  VMThread [stack: 0x000000010cb17000,0x000000010cc17000] [id=9731]

siginfo:si_signo=SIGSEGV: si_errno=0, si_code=1 (SEGV_MAPERR), si_addr=0x000000000000000a

Registers:
RAX=0x0000000000000000, RBX=0x000000010cc16398, RCX=0x0000000000000000, RDX=0x0000000000000000
RSP=0x000000010cc16250, RBP=0x000000010cc16360, RSI=0x0000000000000028, RDI=0x000000010cc16398
R8 =0x0000000000000038, R9 =0x0000000042000000, R10=0x000000000000000f, R11=0xffffffffffffff48
R12=0x000000010cc16398, R13=0x00000000000004ac, R14=0x0000000000000000, R15=0x000000010cc16998
RIP=0x0000000108e30668, EFLAGS=0x0000000000010206, ERR=0x0000000000000004
  TRAPNO=0x000000000000000e

Top of Stack: (sp=0x000000010cc16250)
0x000000010cc16250:   000000010cc16290 00007fff932bc8f3
0x000000010cc16260:   00007f90d3712f40 0000206004000000
0x000000010cc16270:   0134670001346700 0000000000007fe8
0x000000010cc16280:   00007f90d61e3200 0000000000007fd8
0x000000010cc16290:   000000010cc162a0 0000000108e8e5bd
0x000000010cc162a0:   000000010cc162d0 0000000108a861b6
0x000000010cc162b0:   0000000000000000 0000000000000000
0x000000010cc162c0:   00000000000002f0 00007f90d3600470
0x000000010cc162d0:   000000010cc16300 0000000108eaf724
0x000000010cc162e0:   00007f90d6487000 00007f90d6487000
0x000000010cc162f0:   000000010cc16668 000000010cc16638
0x000000010cc16300:   000000010cc16620 0000000108eb0aba
0x000000010cc16310:   0000000000000000 0000000000000000
0x000000010cc16320:   0000000000000000 0000000000000000
0x000000010cc16330:   000000010cc16360 0000000108e3040c
0x000000010cc16340:   0000000000000000 000000010cc16398
0x000000010cc16350:   000000010cc16398 0000000000000000
0x000000010cc16360:   000000010cc16380 0000000108e30762
0x000000010cc16370:   0000000000000000 0000000000000038
0x000000010cc16380:   000000010cc16800 0000000108c3f14e
0x000000010cc16390:   0000000000000000 00000001090b52b0
0x000000010cc163a0:   0000000000000000 0000000000000000
0x000000010cc163b0:   0000000100000004 000000010cc167d0
0x000000010cc163c0:   0000000000000000 4fffffff4fffffff
0x000000010cc163d0:   4fffffff4fffffff 4fffffff4fffffff
0x000000010cc163e0:   0000000000000000 0000000000000000
0x000000010cc163f0:   00007f90d3713260 00007f90d3713240
0x000000010cc16400:   000000010cc16440 0000000108dc10c2
0x000000010cc16410:   000000010cc16470 00007fff927efe6b
0x000000010cc16420:   000000010cc169c0 000000010cc16478
0x000000010cc16430:   000000010cc16478 000000010cc16688
0x000000010cc16440:   0000000000000001 0000000000000001 

Instructions: (pc=0x0000000108e30668)
0x0000000108e30648:   83 c4 08 5b 5d e9 7c ff ff ff 55 48 89 e5 41 56
0x0000000108e30658:   53 48 81 ec 00 01 00 00 48 63 47 10 48 8b 4f 08
0x0000000108e30668:   40 38 74 01 0a 48 89 fb 74 38 40 0f be d6 4c 8d
0x0000000108e30678:   b5 f0 fe ff ff 48 8d 35 d9 53 0e 00 30 c0 4c 89 

Register to memory mapping:

RAX=0x0000000000000000 is an unknown value
RBX=0x000000010cc16398 is an unknown value
RCX=0x0000000000000000 is an unknown value
RDX=0x0000000000000000 is an unknown value
RSP=0x000000010cc16250 is an unknown value
RBP=0x000000010cc16360 is an unknown value
RSI=0x0000000000000028 is an unknown value
RDI=0x000000010cc16398 is an unknown value
R8 =0x0000000000000038 is an unknown value
R9 =0x0000000042000000 is an unknown value
R10=0x000000000000000f is an unknown value
R11=0xffffffffffffff48 is an unknown value
R12=0x000000010cc16398 is an unknown value
R13=0x00000000000004ac is an unknown value
R14=0x0000000000000000 is an unknown value
R15=0x000000010cc16998 is an unknown value


Stack: [0x000000010cb17000,0x000000010cc17000],  sp=0x000000010cc16250,  free space=1020k
Native frames: (J=compiled Java code, j=interpreted, Vv=VM code, C=native code)
V  [libjvm.dylib+0x41d668]
V  [libjvm.dylib+0x41d762]
V  [libjvm.dylib+0x22c14e]
V  [libjvm.dylib+0x22db09]
V  [libjvm.dylib+0x22dd1d]
V  [libjvm.dylib+0x22e192]
V  [libjvm.dylib+0x22e520]
V  [libjvm.dylib+0x3ae791]
V  [libjvm.dylib+0x3ae8f1]
V  [libjvm.dylib+0x3aeb14]
V  [libjvm.dylib+0x49d491]
V  [libjvm.dylib+0x309edd]
V  [libjvm.dylib+0x4a9f05]
V  [libjvm.dylib+0x4a8c8a]
V  [libjvm.dylib+0x4a9078]
V  [libjvm.dylib+0x4a8a27]
V  [libjvm.dylib+0x3b5191]
C  [libsystem_pthread.dylib+0x1899]  _pthread_body+0x8a
C  [libsystem_pthread.dylib+0x172a]  _pthread_struct_init+0x0
C  [libsystem_pthread.dylib+0x5fc9]  thread_start+0xd

VM_Operation (0x000000010d1769a0): GetOrSetLocal, mode: safepoint, requested by thread 0x00007f90d5011000


---------------  P R O C E S S  ---------------

Java Threads: ( => current thread )
  0x00007f90d3a3f800 JavaThread "qtp1554286366-22" [_thread_blocked, id=19459, stack(0x000000010eee8000,0x000000010efe8000)]
  0x00007f90d6487000 JavaThread "qtp1554286366-21" [_thread_blocked, id=19203, stack(0x000000010ede5000,0x000000010eee5000)]
  0x00007f90d60c1800 JavaThread "qtp1554286366-20" [_thread_blocked, id=18947, stack(0x000000010ece2000,0x000000010ede2000)]
  0x00007f90d416c800 JavaThread "qtp1554286366-19" [_thread_blocked, id=18691, stack(0x000000010ebdf000,0x000000010ecdf000)]
  0x00007f90d4b3a000 JavaThread "qtp1554286366-18" [_thread_blocked, id=18435, stack(0x000000010eadc000,0x000000010ebdc000)]
  0x00007f90d4458000 JavaThread "qtp1554286366-17 Acceptor0 SelectChannelConnector@0.0.0.0:8080" [_thread_in_native, id=18179, stack(0x000000010e9d9000,0x000000010ead9000)]
  0x00007f90d4103000 JavaThread "qtp1554286366-16 Selector0" [_thread_in_native, id=17923, stack(0x000000010e8d6000,0x000000010e9d6000)]
  0x00007f90d42d5000 JavaThread "qtp1554286366-15" [_thread_blocked, id=17667, stack(0x000000010e7d3000,0x000000010e8d3000)]
  0x00007f90d4ce4800 JavaThread "HashSessionScavenger-0" daemon [_thread_blocked, id=17411, stack(0x000000010e26d000,0x000000010e36d000)]
  0x00007f90d40db800 JavaThread "Thread-1" [_thread_in_native, id=17155, stack(0x000000010dab2000,0x000000010dbb2000)]
  0x00007f90d4969800 JavaThread "Thread-0" [_thread_blocked, id=16899, stack(0x000000010d9af000,0x000000010daaf000)]
  0x00007f90d4854800 JavaThread "Service Thread" daemon [_thread_blocked, id=16387, stack(0x000000010d586000,0x000000010d686000)]
  0x00007f90d4806800 JavaThread "C2 CompilerThread1" daemon [_thread_blocked, id=16131, stack(0x000000010d483000,0x000000010d583000)]
  0x00007f90d4853800 JavaThread "C2 CompilerThread0" daemon [_thread_blocked, id=15875, stack(0x000000010d380000,0x000000010d480000)]
  0x00007f90d3805800 JavaThread "JDWP Command Reader" daemon [_thread_in_native, id=15619, stack(0x000000010d27d000,0x000000010d37d000)]
  0x00007f90d500f000 JavaThread "JDWP Event Helper Thread" daemon [_thread_blocked, id=15363, stack(0x000000010d17a000,0x000000010d27a000)]
  0x00007f90d5011000 JavaThread "JDWP Transport Listener: dt_socket" daemon [_thread_blocked, id=15107, stack(0x000000010d077000,0x000000010d177000)]
  0x00007f90d500b000 JavaThread "Signal Dispatcher" daemon [_thread_blocked, id=14851, stack(0x000000010cf6e000,0x000000010d06e000)]
  0x00007f90d484c000 JavaThread "Finalizer" daemon [_thread_blocked, id=10243, stack(0x000000010cd1d000,0x000000010ce1d000)]
  0x00007f90d3806800 JavaThread "Reference Handler" daemon [_thread_blocked, id=9987, stack(0x000000010cc1a000,0x000000010cd1a000)]
  0x00007f90d4804000 JavaThread "main" [_thread_blocked, id=6403, stack(0x00000001094bb000,0x00000001095bb000)]

Other Threads:
=>0x00007f90d5006800 VMThread [stack: 0x000000010cb17000,0x000000010cc17000] [id=9731]
  0x00007f90d401c000 WatcherThread [stack: 0x000000010d689000,0x000000010d789000] [id=16643]

VM state:at safepoint (normal execution)

VM Mutex/Monitor currently owned by a thread:  ([mutex/lock_event])
[0x00007f90d3709440] Threads_lock - owner thread: 0x00007f90d5006800

Heap
 def new generation   total 6144K, used 5556K [0x00000007e4000000, 0x00000007e46a0000, 0x00000007eaaa0000)
  eden space 5504K,  91% used [0x00000007e4000000, 0x00000007e44e7800, 0x00000007e4560000)
  from space 640K,  83% used [0x00000007e4600000, 0x00000007e4685810, 0x00000007e46a0000)
  to   space 640K,   0% used [0x00000007e4560000, 0x00000007e4560000, 0x00000007e4600000)
 tenured generation   total 13632K, used 8813K [0x00000007eaaa0000, 0x00000007eb7f0000, 0x00000007f8000000)
   the space 13632K,  64% used [0x00000007eaaa0000, 0x00000007eb33b588, 0x00000007eb33b600, 0x00000007eb7f0000)
 compacting perm gen  total 21248K, used 12166K [0x00000007f8000000, 0x00000007f94c0000, 0x0000000800000000)
   the space 21248K,  57% used [0x00000007f8000000, 0x00000007f8be1b30, 0x00000007f8be1c00, 0x00000007f94c0000)
No shared spaces configured.

Card table byte_map: [0x000000010c708000,0x000000010c7e9000] byte_map_base: 0x00000001087e8000

Polling page: 0x00000001081f9000

Code Cache  [0x0000000109648000, 0x00000001098b8000, 0x000000010c648000)
 total_blobs=508 nmethods=233 adapters=235 free_code_cache=47911Kb largest_free_block=49022272

Compilation events (10 events):
Event: 7.263 Thread 0x00007f90d4853800  230             java.util.regex.Pattern::closure (477 bytes)
Event: 7.296 Thread 0x00007f90d4853800 nmethod 230 0x000000010977ff90 code [0x0000000109780360, 0x0000000109781728]
Event: 8.906 Thread 0x00007f90d4806800  231             java.io.ByteArrayOutputStream::ensureCapacity (16 bytes)
Event: 8.907 Thread 0x00007f90d4853800  232  s          java.io.ByteArrayOutputStream::write (32 bytes)
Event: 8.908 Thread 0x00007f90d4806800 nmethod 231 0x0000000109776b50 code [0x0000000109776ca0, 0x0000000109776e28]
Event: 8.910 Thread 0x00007f90d4806800    4 %           java.util.regex.Pattern::compile @ 66 (406 bytes)
Event: 8.912 Thread 0x00007f90d4853800 nmethod 232 0x000000010977db50 code [0x000000010977dcc0, 0x000000010977e1a8]
Event: 8.914 Thread 0x00007f90d4853800  233             java.io.DataOutputStream::writeUTF (435 bytes)
Event: 8.952 Thread 0x00007f90d4806800 nmethod 4% 0x0000000109785490 code [0x0000000109785780, 0x0000000109786ab8]
Event: 8.957 Thread 0x00007f90d4853800 nmethod 233 0x00000001097772d0 code [0x0000000109777480, 0x0000000109778228]

GC Heap History (10 events):
Event: 2.494 GC heap before
{Heap before GC invocations=6 (full 0):
 def new generation   total 6144K, used 4499K [0x00000007e4000000, 0x00000007e46a0000, 0x00000007eaaa0000)
  eden space 5504K,  70% used [0x00000007e4000000, 0x00000007e43c4e30, 0x00000007e4560000)
  from space 640K, 100% used [0x00000007e4560000, 0x00000007e4600000, 0x00000007e4600000)
  to   space 640K,   0% used [0x00000007e4600000, 0x00000007e4600000, 0x00000007e46a0000)
 tenured generation   total 13632K, used 6712K [0x00000007eaaa0000, 0x00000007eb7f0000, 0x00000007f8000000)
   the space 13632K,  49% used [0x00000007eaaa0000, 0x00000007eb12e3d8, 0x00000007eb12e400, 0x00000007eb7f0000)
 compacting perm gen  total 21248K, used 8759K [0x00000007f8000000, 0x00000007f94c0000, 0x0000000800000000)
   the space 21248K,  41% used [0x00000007f8000000, 0x00000007f888dcb8, 0x00000007f888de00, 0x00000007f94c0000)
No shared spaces configured.
Event: 2.499 GC heap after
Heap after GC invocations=7 (full 0):
 def new generation   total 6144K, used 640K [0x00000007e4000000, 0x00000007e46a0000, 0x00000007eaaa0000)
  eden space 5504K,   0% used [0x00000007e4000000, 0x00000007e4000000, 0x00000007e4560000)
  from space 640K, 100% used [0x00000007e4600000, 0x00000007e46a0000, 0x00000007e46a0000)
  to   space 640K,   0% used [0x00000007e4560000, 0x00000007e4560000, 0x00000007e4600000)
 tenured generation   total 13632K, used 7503K [0x00000007eaaa0000, 0x00000007eb7f0000, 0x00000007f8000000)
   the space 13632K,  55% used [0x00000007eaaa0000, 0x00000007eb1f3e88, 0x00000007eb1f4000, 0x00000007eb7f0000)
 compacting perm gen  total 21248K, used 8759K [0x00000007f8000000, 0x00000007f94c0000, 0x0000000800000000)
   the space 21248K,  41% used [0x00000007f8000000, 0x00000007f888dcb8, 0x00000007f888de00, 0x00000007f94c0000)
No shared spaces configured.
}
Event: 2.617 GC heap before
{Heap before GC invocations=7 (full 0):
 def new generation   total 6144K, used 6144K [0x00000007e4000000, 0x00000007e46a0000, 0x00000007eaaa0000)
  eden space 5504K, 100% used [0x00000007e4000000, 0x00000007e4560000, 0x00000007e4560000)
  from space 640K, 100% used [0x00000007e4600000, 0x00000007e46a0000, 0x00000007e46a0000)
  to   space 640K,   0% used [0x00000007e4560000, 0x00000007e4560000, 0x00000007e4600000)
 tenured generation   total 13632K, used 7503K [0x00000007eaaa0000, 0x00000007eb7f0000, 0x00000007f8000000)
   the space 13632K,  55% used [0x00000007eaaa0000, 0x00000007eb1f3e88, 0x00000007eb1f4000, 0x00000007eb7f0000)
 compacting perm gen  total 21248K, used 8759K [0x00000007f8000000, 0x00000007f94c0000, 0x0000000800000000)
   the space 21248K,  41% used [0x00000007f8000000, 0x00000007f888dfd8, 0x00000007f888e000, 0x00000007f94c0000)
No shared spaces configured.
Event: 2.619 GC heap after
Heap after GC invocations=8 (full 0):
 def new generation   total 6144K, used 82K [0x00000007e4000000, 0x00000007e46a0000, 0x00000007eaaa0000)
  eden space 5504K,   0% used [0x00000007e4000000, 0x00000007e4000000, 0x00000007e4560000)
  from space 640K,  12% used [0x00000007e4560000, 0x00000007e4574af8, 0x00000007e4600000)
  to   space 640K,   0% used [0x00000007e4600000, 0x00000007e4600000, 0x00000007e46a0000)
 tenured generation   total 13632K, used 7999K [0x00000007eaaa0000, 0x00000007eb7f0000, 0x00000007f8000000)
   the space 13632K,  58% used [0x00000007eaaa0000, 0x00000007eb26ffa8, 0x00000007eb270000, 0x00000007eb7f0000)
 compacting perm gen  total 21248K, used 8759K [0x00000007f8000000, 0x00000007f94c0000, 0x0000000800000000)
   the space 21248K,  41% used [0x00000007f8000000, 0x00000007f888dfd8, 0x00000007f888e000, 0x00000007f94c0000)
No shared spaces configured.
}
Event: 2.804 GC heap before
{Heap before GC invocations=8 (full 0):
 def new generation   total 6144K, used 5586K [0x00000007e4000000, 0x00000007e46a0000, 0x00000007eaaa0000)
  eden space 5504K, 100% used [0x00000007e4000000, 0x00000007e4560000, 0x00000007e4560000)
  from space 640K,  12% used [0x00000007e4560000, 0x00000007e4574af8, 0x00000007e4600000)
  to   space 640K,   0% used [0x00000007e4600000, 0x00000007e4600000, 0x00000007e46a0000)
 tenured generation   total 13632K, used 7999K [0x00000007eaaa0000, 0x00000007eb7f0000, 0x00000007f8000000)
   the space 13632K,  58% used [0x00000007eaaa0000, 0x00000007eb26ffa8, 0x00000007eb270000, 0x00000007eb7f0000)
 compacting perm gen  total 21248K, used 9273K [0x00000007f8000000, 0x00000007f94c0000, 0x0000000800000000)
   the space 21248K,  43% used [0x00000007f8000000, 0x00000007f890e490, 0x00000007f890e600, 0x00000007f94c0000)
No shared spaces configured.
Event: 2.808 GC heap after
Heap after GC invocations=9 (full 0):
 def new generation   total 6144K, used 640K [0x00000007e4000000, 0x00000007e46a0000, 0x00000007eaaa0000)
  eden space 5504K,   0% used [0x00000007e4000000, 0x00000007e4000000, 0x00000007e4560000)
  from space 640K, 100% used [0x00000007e4600000, 0x00000007e46a0000, 0x00000007e46a0000)
  to   space 640K,   0% used [0x00000007e4560000, 0x00000007e4560000, 0x00000007e4600000)
 tenured generation   total 13632K, used 8388K [0x00000007eaaa0000, 0x00000007eb7f0000, 0x00000007f8000000)
   the space 13632K,  61% used [0x00000007eaaa0000, 0x00000007eb2d11d8, 0x00000007eb2d1200, 0x00000007eb7f0000)
 compacting perm gen  total 21248K, used 9273K [0x00000007f8000000, 0x00000007f94c0000, 0x0000000800000000)
   the space 21248K,  43% used [0x00000007f8000000, 0x00000007f890e490, 0x00000007f890e600, 0x00000007f94c0000)
No shared spaces configured.
}
Event: 3.258 GC heap before
{Heap before GC invocations=9 (full 0):
 def new generation   total 6144K, used 6144K [0x00000007e4000000, 0x00000007e46a0000, 0x00000007eaaa0000)
  eden space 5504K, 100% used [0x00000007e4000000, 0x00000007e4560000, 0x00000007e4560000)
  from space 640K, 100% used [0x00000007e4600000, 0x00000007e46a0000, 0x00000007e46a0000)
  to   space 640K,   0% used [0x00000007e4560000, 0x00000007e4560000, 0x00000007e4600000)
 tenured generation   total 13632K, used 8388K [0x00000007eaaa0000, 0x00000007eb7f0000, 0x00000007f8000000)
   the space 13632K,  61% used [0x00000007eaaa0000, 0x00000007eb2d11d8, 0x00000007eb2d1200, 0x00000007eb7f0000)
 compacting perm gen  total 21248K, used 9942K [0x00000007f8000000, 0x00000007f94c0000, 0x0000000800000000)
   the space 21248K,  46% used [0x00000007f8000000, 0x00000007f89b5900, 0x00000007f89b5a00, 0x00000007f94c0000)
No shared spaces configured.
Event: 3.263 GC heap after
Heap after GC invocations=10 (full 0):
 def new generation   total 6144K, used 612K [0x00000007e4000000, 0x00000007e46a0000, 0x00000007eaaa0000)
  eden space 5504K,   0% used [0x00000007e4000000, 0x00000007e4000000, 0x00000007e4560000)
  from space 640K,  95% used [0x00000007e4560000, 0x00000007e45f9388, 0x00000007e4600000)
  to   space 640K,   0% used [0x00000007e4600000, 0x00000007e4600000, 0x00000007e46a0000)
 tenured generation   total 13632K, used 8668K [0x00000007eaaa0000, 0x00000007eb7f0000, 0x00000007f8000000)
   the space 13632K,  63% used [0x00000007eaaa0000, 0x00000007eb3173d8, 0x00000007eb317400, 0x00000007eb7f0000)
 compacting perm gen  total 21248K, used 9942K [0x00000007f8000000, 0x00000007f94c0000, 0x0000000800000000)
   the space 21248K,  46% used [0x00000007f8000000, 0x00000007f89b5900, 0x00000007f89b5a00, 0x00000007f94c0000)
No shared spaces configured.
}
Event: 5.044 GC heap before
{Heap before GC invocations=10 (full 0):
 def new generation   total 6144K, used 6106K [0x00000007e4000000, 0x00000007e46a0000, 0x00000007eaaa0000)
  eden space 5504K,  99% used [0x00000007e4000000, 0x00000007e455d800, 0x00000007e4560000)
  from space 640K,  95% used [0x00000007e4560000, 0x00000007e45f9388, 0x00000007e4600000)
  to   space 640K,   0% used [0x00000007e4600000, 0x00000007e4600000, 0x00000007e46a0000)
 tenured generation   total 13632K, used 8668K [0x00000007eaaa0000, 0x00000007eb7f0000, 0x00000007f8000000)
   the space 13632K,  63% used [0x00000007eaaa0000, 0x00000007eb3173d8, 0x00000007eb317400, 0x00000007eb7f0000)
 compacting perm gen  total 21248K, used 10821K [0x00000007f8000000, 0x00000007f94c0000, 0x0000000800000000)
   the space 21248K,  50% used [0x00000007f8000000, 0x00000007f8a91538, 0x00000007f8a91600, 0x00000007f94c0000)
No shared spaces configured.
Event: 5.048 GC heap after
Heap after GC invocations=11 (full 0):
 def new generation   total 6144K, used 534K [0x00000007e4000000, 0x00000007e46a0000, 0x00000007eaaa0000)
  eden space 5504K,   0% used [0x00000007e4000000, 0x00000007e4000000, 0x00000007e4560000)
  from space 640K,  83% used [0x00000007e4600000, 0x00000007e4685810, 0x00000007e46a0000)
  to   space 640K,   0% used [0x00000007e4560000, 0x00000007e4560000, 0x00000007e4600000)
 tenured generation   total 13632K, used 8813K [0x00000007eaaa0000, 0x00000007eb7f0000, 0x00000007f8000000)
   the space 13632K,  64% used [0x00000007eaaa0000, 0x00000007eb33b588, 0x00000007eb33b600, 0x00000007eb7f0000)
 compacting perm gen  total 21248K, used 10821K [0x00000007f8000000, 0x00000007f94c0000, 0x0000000800000000)
   the space 21248K,  50% used [0x00000007f8000000, 0x00000007f8a91538, 0x00000007f8a91600, 0x00000007f94c0000)
No shared spaces configured.
}

Deoptimization events (10 events):
Event: 3.573 Thread 0x00007f90d4458000 Uncommon trap -58 fr.pc 0x00000001096ee1dc
Event: 3.573 Thread 0x00007f90d4458000 Uncommon trap -58 fr.pc 0x00000001096ee1dc
Event: 3.575 Thread 0x00007f90d4458000 Uncommon trap -58 fr.pc 0x00000001096ee2d8
Event: 6.964 Thread 0x00007f90d6487000 Uncommon trap -83 fr.pc 0x00000001096fc370
Event: 7.008 Thread 0x00007f90d6487000 Uncommon trap -58 fr.pc 0x0000000109766b9c
Event: 7.008 Thread 0x00007f90d6487000 Uncommon trap -122 fr.pc 0x00000001096f644c
Event: 7.008 Thread 0x00007f90d6487000 Uncommon trap -58 fr.pc 0x0000000109766b9c
Event: 7.176 Thread 0x00007f90d6487000 Uncommon trap 16 fr.pc 0x0000000109778bb0
Event: 7.177 Thread 0x00007f90d6487000 Uncommon trap -83 fr.pc 0x0000000109773b34
Event: 8.893 Thread 0x00007f90d6487000 Uncommon trap -83 fr.pc 0x00000001096d7694

Internal exceptions (10 events):
Event: 8.910 Thread 0x00007f90d6487000 Threw 0x00000007e44560c0 at /HUDSON/workspace/jdk7u17-2-build-macosx-amd64-product/jdk7u17/hotspot/src/share/vm/prims/jvm.cpp:1166
Event: 8.911 Thread 0x00007f90d6487000 Threw 0x00000007e4459030 at /HUDSON/workspace/jdk7u17-2-build-macosx-amd64-product/jdk7u17/hotspot/src/share/vm/prims/jvm.cpp:1166
Event: 8.919 Thread 0x00007f90d6487000 Threw 0x00000007e446a4e8 at /HUDSON/workspace/jdk7u17-2-build-macosx-amd64-product/jdk7u17/hotspot/src/share/vm/prims/jvm.cpp:1166
Event: 8.919 Thread 0x00007f90d6487000 Threw 0x00000007e446d458 at /HUDSON/workspace/jdk7u17-2-build-macosx-amd64-product/jdk7u17/hotspot/src/share/vm/prims/jvm.cpp:1166
Event: 8.921 Thread 0x00007f90d6487000 Threw 0x00000007e44719a0 at /HUDSON/workspace/jdk7u17-2-build-macosx-amd64-product/jdk7u17/hotspot/src/share/vm/prims/jvm.cpp:1166
Event: 8.921 Thread 0x00007f90d6487000 Threw 0x00000007e4474908 at /HUDSON/workspace/jdk7u17-2-build-macosx-amd64-product/jdk7u17/hotspot/src/share/vm/prims/jvm.cpp:1166
Event: 8.923 Thread 0x00007f90d6487000 Threw 0x00000007e4479060 at /HUDSON/workspace/jdk7u17-2-build-macosx-amd64-product/jdk7u17/hotspot/src/share/vm/prims/jvm.cpp:1166
Event: 8.923 Thread 0x00007f90d6487000 Threw 0x00000007e447c2d8 at /HUDSON/workspace/jdk7u17-2-build-macosx-amd64-product/jdk7u17/hotspot/src/share/vm/prims/jvm.cpp:1166
Event: 39.974 Thread 0x00007f90d6487000 Threw 0x00000007e44a2290 at /HUDSON/workspace/jdk7u17-2-build-macosx-amd64-product/jdk7u17/hotspot/src/share/vm/prims/jvm.cpp:1166
Event: 39.975 Thread 0x00007f90d6487000 Threw 0x00000007e44a5610 at /HUDSON/workspace/jdk7u17-2-build-macosx-amd64-product/jdk7u17/hotspot/src/share/vm/prims/jvm.cpp:1166

Events (10 events):
Event: 87.756 Executing VM operation: ChangeBreakpoints done
Event: 87.761 Executing VM operation: EnterInterpOnlyMode
Event: 87.761 Executing VM operation: EnterInterpOnlyMode done
Event: 87.761 Executing VM operation: GetCurrentLocation
Event: 87.761 Executing VM operation: GetCurrentLocation done
Event: 87.761 Executing VM operation: ChangeSingleStep
Event: 87.761 Executing VM operation: ChangeSingleStep done
Event: 87.761 Executing VM operation: ChangeSingleStep
Event: 87.761 Executing VM operation: ChangeSingleStep done
Event: 89.640 Executing VM operation: GetOrSetLocal


Dynamic libraries:
0x00000000085f5000 	/System/Library/Frameworks/Cocoa.framework/Versions/A/Cocoa
0x00000000085f5000 	/System/Library/Frameworks/Security.framework/Versions/A/Security
0x00000000085f5000 	/System/Library/Frameworks/ApplicationServices.framework/Versions/A/ApplicationServices
0x00000000085f5000 	/usr/lib/libz.1.dylib
0x00000000085f5000 	/usr/lib/libSystem.B.dylib
0x00000000085f5000 	/usr/lib/libobjc.A.dylib
0x00000000085f5000 	/System/Library/Frameworks/CoreFoundation.framework/Versions/A/CoreFoundation
0x00000000085f5000 	/System/Library/Frameworks/AppKit.framework/Versions/C/AppKit
0x00000000085f5000 	/System/Library/Frameworks/CoreData.framework/Versions/A/CoreData
0x00000000085f5000 	/System/Library/Frameworks/Foundation.framework/Versions/C/Foundation
0x00000000085f5000 	/System/Library/PrivateFrameworks/RemoteViewServices.framework/Versions/A/RemoteViewServices
0x00000000085f5000 	/System/Library/Frameworks/AudioToolbox.framework/Versions/A/AudioToolbox
0x00000000085f5000 	/System/Library/Frameworks/AudioUnit.framework/Versions/A/AudioUnit
0x00000000085f5000 	/System/Library/PrivateFrameworks/DataDetectorsCore.framework/Versions/A/DataDetectorsCore
0x00000000085f5000 	/System/Library/PrivateFrameworks/DesktopServicesPriv.framework/Versions/A/DesktopServicesPriv
0x00000000085f5000 	/System/Library/Frameworks/Carbon.framework/Versions/A/Frameworks/HIToolbox.framework/Versions/A/HIToolbox
0x00000000085f5000 	/System/Library/Frameworks/QuartzCore.framework/Versions/A/QuartzCore
0x00000000085f5000 	/System/Library/Frameworks/Carbon.framework/Versions/A/Frameworks/SpeechRecognition.framework/Versions/A/SpeechRecognition
0x00000000085f5000 	/usr/lib/libauto.dylib
0x00000000085f5000 	/usr/lib/libicucore.A.dylib
0x00000000085f5000 	/usr/lib/libxml2.2.dylib
0x00000000085f5000 	/System/Library/PrivateFrameworks/CoreUI.framework/Versions/A/CoreUI
0x00000000085f5000 	/System/Library/Frameworks/CoreAudio.framework/Versions/A/CoreAudio
0x00000000085f5000 	/System/Library/Frameworks/DiskArbitration.framework/Versions/A/DiskArbitration
0x00000000085f5000 	/usr/lib/liblangid.dylib
0x00000000085f5000 	/System/Library/PrivateFrameworks/MultitouchSupport.framework/Versions/A/MultitouchSupport
0x00000000085f5000 	/System/Library/Frameworks/IOKit.framework/Versions/A/IOKit
0x00000000085f5000 	/usr/lib/libDiagnosticMessagesClient.dylib
0x00000000085f5000 	/System/Library/Frameworks/CoreServices.framework/Versions/A/CoreServices
0x00000000085f5000 	/System/Library/PrivateFrameworks/PerformanceAnalysis.framework/Versions/A/PerformanceAnalysis
0x00000000085f5000 	/System/Library/PrivateFrameworks/GenerationalStorage.framework/Versions/A/GenerationalStorage
0x00000000085f5000 	/System/Library/Frameworks/OpenGL.framework/Versions/A/OpenGL
0x00000000085f5000 	/System/Library/PrivateFrameworks/Sharing.framework/Versions/A/Sharing
0x00000000085f5000 	/System/Library/Frameworks/ImageIO.framework/Versions/A/ImageIO
0x00000000085f5000 	/System/Library/Frameworks/CoreText.framework/Versions/A/CoreText
0x00000000085f5000 	/System/Library/Frameworks/CoreGraphics.framework/Versions/A/CoreGraphics
0x00000000085f5000 	/System/Library/PrivateFrameworks/Backup.framework/Versions/A/Backup
0x00000000085f5000 	/System/Library/Frameworks/CFNetwork.framework/Versions/A/CFNetwork
0x00000000085f5000 	/System/Library/Frameworks/SystemConfiguration.framework/Versions/A/SystemConfiguration
0x00000000085f5000 	/usr/lib/libCRFSuite.dylib
0x00000000085f5000 	/usr/lib/libc++.1.dylib
0x00000000085f5000 	/usr/lib/libc++abi.dylib
0x00000000085f5000 	/usr/lib/system/libcache.dylib
0x00000000085f5000 	/usr/lib/system/libcommonCrypto.dylib
0x00000000085f5000 	/usr/lib/system/libcompiler_rt.dylib
0x00000000085f5000 	/usr/lib/system/libcopyfile.dylib
0x00000000085f5000 	/usr/lib/system/libcorecrypto.dylib
0x00000000085f5000 	/usr/lib/system/libdispatch.dylib
0x00000000085f5000 	/usr/lib/system/libdyld.dylib
0x00000000085f5000 	/usr/lib/system/libkeymgr.dylib
0x00000000085f5000 	/usr/lib/system/liblaunch.dylib
0x00000000085f5000 	/usr/lib/system/libmacho.dylib
0x00000000085f5000 	/usr/lib/system/libquarantine.dylib
0x00000000085f5000 	/usr/lib/system/libremovefile.dylib
0x00000000085f5000 	/usr/lib/system/libsystem_asl.dylib
0x00000000085f5000 	/usr/lib/system/libsystem_blocks.dylib
0x00000000085f5000 	/usr/lib/system/libsystem_c.dylib
0x00000000085f5000 	/usr/lib/system/libsystem_configuration.dylib
0x00000000085f5000 	/usr/lib/system/libsystem_dnssd.dylib
0x00000000085f5000 	/usr/lib/system/libsystem_info.dylib
0x00000000085f5000 	/usr/lib/system/libsystem_kernel.dylib
0x00000000085f5000 	/usr/lib/system/libsystem_m.dylib
0x00000000085f5000 	/usr/lib/system/libsystem_malloc.dylib
0x00000000085f5000 	/usr/lib/system/libsystem_network.dylib
0x00000000085f5000 	/usr/lib/system/libsystem_notify.dylib
0x00000000085f5000 	/usr/lib/system/libsystem_platform.dylib
0x00000000085f5000 	/usr/lib/system/libsystem_pthread.dylib
0x00000000085f5000 	/usr/lib/system/libsystem_sandbox.dylib
0x00000000085f5000 	/usr/lib/system/libsystem_stats.dylib
0x00000000085f5000 	/usr/lib/system/libunc.dylib
0x00000000085f5000 	/usr/lib/system/libunwind.dylib
0x00000000085f5000 	/usr/lib/system/libxpc.dylib
0x00000000085f5000 	/usr/lib/libbsm.0.dylib
0x00000000085f5000 	/usr/lib/libsqlite3.dylib
0x00000000085f5000 	/usr/lib/libxar.1.dylib
0x00000000085f5000 	/usr/lib/libpam.2.dylib
0x00000000085f5000 	/usr/lib/libOpenScriptingUtil.dylib
0x00000000085f5000 	/usr/lib/libbz2.1.0.dylib
0x00000000085f5000 	/System/Library/Frameworks/CoreServices.framework/Versions/A/Frameworks/CarbonCore.framework/Versions/A/CarbonCore
0x00000000085f5000 	/System/Library/Frameworks/CoreServices.framework/Versions/A/Frameworks/Metadata.framework/Versions/A/Metadata
0x00000000085f5000 	/System/Library/Frameworks/CoreServices.framework/Versions/A/Frameworks/OSServices.framework/Versions/A/OSServices
0x00000000085f5000 	/System/Library/Frameworks/CoreServices.framework/Versions/A/Frameworks/SearchKit.framework/Versions/A/SearchKit
0x00000000085f5000 	/System/Library/Frameworks/CoreServices.framework/Versions/A/Frameworks/AE.framework/Versions/A/AE
0x00000000085f5000 	/System/Library/Frameworks/CoreServices.framework/Versions/A/Frameworks/LaunchServices.framework/Versions/A/LaunchServices
0x00000000085f5000 	/System/Library/Frameworks/CoreServices.framework/Versions/A/Frameworks/DictionaryServices.framework/Versions/A/DictionaryServices
0x00000000085f5000 	/System/Library/Frameworks/NetFS.framework/Versions/A/NetFS
0x00000000085f5000 	/usr/lib/system/libkxld.dylib
0x00000000085f5000 	/System/Library/PrivateFrameworks/NetAuth.framework/Versions/A/NetAuth
0x00000000085f5000 	/System/Library/PrivateFrameworks/TCC.framework/Versions/A/TCC
0x00000000085f5000 	/System/Library/Frameworks/OpenDirectory.framework/Versions/A/Frameworks/CFOpenDirectory.framework/Versions/A/CFOpenDirectory
0x00000000085f5000 	/System/Library/Frameworks/ServiceManagement.framework/Versions/A/ServiceManagement
0x00000000085f5000 	/usr/lib/libxslt.1.dylib
0x00000000085f5000 	/System/Library/Frameworks/Carbon.framework/Versions/A/Frameworks/Ink.framework/Versions/A/Ink
0x00000000085f5000 	/System/Library/Frameworks/ApplicationServices.framework/Versions/A/Frameworks/ATS.framework/Versions/A/ATS
0x00000000085f5000 	/System/Library/Frameworks/ApplicationServices.framework/Versions/A/Frameworks/ColorSync.framework/Versions/A/ColorSync
0x00000000085f5000 	/System/Library/Frameworks/ApplicationServices.framework/Versions/A/Frameworks/HIServices.framework/Versions/A/HIServices
0x00000000085f5000 	/System/Library/Frameworks/ApplicationServices.framework/Versions/A/Frameworks/LangAnalysis.framework/Versions/A/LangAnalysis
0x00000000085f5000 	/System/Library/Frameworks/ApplicationServices.framework/Versions/A/Frameworks/PrintCore.framework/Versions/A/PrintCore
0x00000000085f5000 	/System/Library/Frameworks/ApplicationServices.framework/Versions/A/Frameworks/QD.framework/Versions/A/QD
0x00000000085f5000 	/System/Library/Frameworks/ApplicationServices.framework/Versions/A/Frameworks/SpeechSynthesis.framework/Versions/A/SpeechSynthesis
0x00000000085f5000 	/System/Library/Frameworks/IOSurface.framework/Versions/A/IOSurface
0x00000000085f5000 	/System/Library/Frameworks/Accelerate.framework/Versions/A/Accelerate
0x00000000085f5000 	/System/Library/Frameworks/Accelerate.framework/Versions/A/Frameworks/vImage.framework/Versions/A/vImage
0x00000000085f5000 	/System/Library/Frameworks/Accelerate.framework/Versions/A/Frameworks/vecLib.framework/Versions/A/vecLib
0x00000000085f5000 	/System/Library/Frameworks/Accelerate.framework/Versions/A/Frameworks/vecLib.framework/Versions/A/libvDSP.dylib
0x00000000085f5000 	/System/Library/Frameworks/Accelerate.framework/Versions/A/Frameworks/vecLib.framework/Versions/A/libvMisc.dylib
0x00000000085f5000 	/System/Library/Frameworks/Accelerate.framework/Versions/A/Frameworks/vecLib.framework/Versions/A/libLAPACK.dylib
0x00000000085f5000 	/System/Library/Frameworks/Accelerate.framework/Versions/A/Frameworks/vecLib.framework/Versions/A/libBLAS.dylib
0x00000000085f5000 	/System/Library/Frameworks/ApplicationServices.framework/Versions/A/Frameworks/ATS.framework/Versions/A/Resources/libFontParser.dylib
0x00000000085f5000 	/System/Library/Frameworks/ApplicationServices.framework/Versions/A/Frameworks/ATS.framework/Versions/A/Resources/libFontRegistry.dylib
0x00000000085f5000 	/System/Library/Frameworks/ImageIO.framework/Versions/A/Resources/libJPEG.dylib
0x00000000085f5000 	/System/Library/Frameworks/ImageIO.framework/Versions/A/Resources/libTIFF.dylib
0x00000000085f5000 	/System/Library/Frameworks/ImageIO.framework/Versions/A/Resources/libPng.dylib
0x00000000085f5000 	/System/Library/Frameworks/ImageIO.framework/Versions/A/Resources/libGIF.dylib
0x00000000085f5000 	/System/Library/Frameworks/ImageIO.framework/Versions/A/Resources/libJP2.dylib
0x00000000085f5000 	/System/Library/Frameworks/ImageIO.framework/Versions/A/Resources/libRadiance.dylib
0x00000000085f5000 	/usr/lib/libcups.2.dylib
0x00000000085f5000 	/System/Library/Frameworks/Kerberos.framework/Versions/A/Kerberos
0x00000000085f5000 	/System/Library/Frameworks/GSS.framework/Versions/A/GSS
0x00000000085f5000 	/usr/lib/libresolv.9.dylib
0x00000000085f5000 	/usr/lib/libiconv.2.dylib
0x00000000085f5000 	/System/Library/PrivateFrameworks/Heimdal.framework/Versions/A/Heimdal
0x00000000085f5000 	/System/Library/PrivateFrameworks/TrustEvaluationAgent.framework/Versions/A/TrustEvaluationAgent
0x00000000085f5000 	/usr/lib/libheimdal-asn1.dylib
0x00000000085f5000 	/System/Library/Frameworks/OpenDirectory.framework/Versions/A/OpenDirectory
0x00000000085f5000 	/System/Library/PrivateFrameworks/CommonAuth.framework/Versions/A/CommonAuth
0x00000000085f5000 	/System/Library/Frameworks/SecurityFoundation.framework/Versions/A/SecurityFoundation
0x00000000085f5000 	/System/Library/PrivateFrameworks/Bom.framework/Versions/A/Bom
0x00000000085f5000 	/System/Library/Frameworks/CoreVideo.framework/Versions/A/CoreVideo
0x00000000085f5000 	/System/Library/Frameworks/QuartzCore.framework/Versions/A/Frameworks/CoreImage.framework/Versions/A/CoreImage
0x00000000085f5000 	/System/Library/Frameworks/QuartzCore.framework/Versions/A/Frameworks/ScalableUserInterface.framework/Versions/A/ScalableUserInterface
0x00000000085f5000 	/System/Library/Frameworks/OpenGL.framework/Versions/A/Libraries/libGLU.dylib
0x00000000085f5000 	/System/Library/Frameworks/OpenGL.framework/Versions/A/Libraries/libGFXShared.dylib
0x00000000085f5000 	/System/Library/Frameworks/OpenGL.framework/Versions/A/Libraries/libGL.dylib
0x00000000085f5000 	/System/Library/Frameworks/OpenGL.framework/Versions/A/Libraries/libGLImage.dylib
0x00000000085f5000 	/System/Library/Frameworks/OpenGL.framework/Versions/A/Libraries/libCVMSPluginSupport.dylib
0x00000000085f5000 	/System/Library/Frameworks/OpenGL.framework/Versions/A/Libraries/libCoreVMClient.dylib
0x00000000085f5000 	/System/Library/PrivateFrameworks/FaceCore.framework/Versions/A/FaceCore
0x00000000085f5000 	/System/Library/PrivateFrameworks/CrashReporterSupport.framework/Versions/A/CrashReporterSupport
0x00000000085f5000 	/System/Library/Frameworks/OpenCL.framework/Versions/A/OpenCL
0x00000000085f5000 	/System/Library/PrivateFrameworks/AppleFSCompression.framework/Versions/A/AppleFSCompression
0x00000000085f5000 	/System/Library/PrivateFrameworks/Ubiquity.framework/Versions/A/Ubiquity
0x00000000085f5000 	/System/Library/PrivateFrameworks/IconServices.framework/Versions/A/IconServices
0x00000000085f5000 	/System/Library/PrivateFrameworks/ChunkingLibrary.framework/Versions/A/ChunkingLibrary
0x00000000085f5000 	/System/Library/PrivateFrameworks/CoreSymbolication.framework/Versions/A/CoreSymbolication
0x00000000085f5000 	/System/Library/PrivateFrameworks/Symbolication.framework/Versions/A/Symbolication
0x00000000085f5000 	/System/Library/PrivateFrameworks/DebugSymbols.framework/Versions/A/DebugSymbols
0x0000000108a13000 	/Library/Java/JavaVirtualMachines/jdk1.7.0_17.jdk/Contents/Home/jre/lib/server/libjvm.dylib
0x00000000085f5000 	/usr/lib/libstdc++.6.dylib
0x00000001095bd000 	/Library/Java/JavaVirtualMachines/jdk1.7.0_17.jdk/Contents/Home/jre/lib/libverify.dylib
0x00000001095ca000 	/Library/Java/JavaVirtualMachines/jdk1.7.0_17.jdk/Contents/Home/jre/lib/libjava.dylib
0x00000001095fa000 	/Library/Java/JavaVirtualMachines/jdk1.7.0_17.jdk/Contents/Home/jre/lib/libjdwp.dylib
0x00000001081fa000 	/Library/Java/JavaVirtualMachines/jdk1.7.0_17.jdk/Contents/Home/jre/lib/./libnpt.dylib
0x000000010963f000 	/Library/Java/JavaVirtualMachines/jdk1.7.0_17.jdk/Contents/Home/jre/lib/libzip.dylib
0x000000010ce1f000 	/System/Library/Frameworks/JavaVM.framework/Frameworks/JavaRuntimeSupport.framework/JavaRuntimeSupport
0x000000010ce37000 	/System/Library/Frameworks/JavaVM.framework/Versions/A/Frameworks/JavaNativeFoundation.framework/Versions/A/JavaNativeFoundation
0x000000010ce4c000 	/System/Library/Frameworks/JavaVM.framework/Versions/A/JavaVM
0x00000000085f5000 	/System/Library/Frameworks/Carbon.framework/Versions/A/Carbon
0x000000010ce59000 	/System/Library/PrivateFrameworks/JavaLaunching.framework/Versions/A/JavaLaunching
0x00000000085f5000 	/System/Library/Frameworks/Carbon.framework/Versions/A/Frameworks/CommonPanels.framework/Versions/A/CommonPanels
0x00000000085f5000 	/System/Library/Frameworks/Carbon.framework/Versions/A/Frameworks/Help.framework/Versions/A/Help
0x00000000085f5000 	/System/Library/Frameworks/Carbon.framework/Versions/A/Frameworks/ImageCapture.framework/Versions/A/ImageCapture
0x00000000085f5000 	/System/Library/Frameworks/Carbon.framework/Versions/A/Frameworks/OpenScripting.framework/Versions/A/OpenScripting
0x00000000085f5000 	/System/Library/Frameworks/Carbon.framework/Versions/A/Frameworks/Print.framework/Versions/A/Print
0x00000000085f5000 	/System/Library/Frameworks/Carbon.framework/Versions/A/Frameworks/SecurityHI.framework/Versions/A/SecurityHI
0x000000010d070000 	/Library/Java/JavaVirtualMachines/jdk1.7.0_17.jdk/Contents/Home/jre/lib/libdt_socket.dylib
0x000000010d968000 	/Library/Java/JavaVirtualMachines/jdk1.7.0_17.jdk/Contents/Home/jre/lib/libnet.dylib
0x000000010d97d000 	/Library/Java/JavaVirtualMachines/jdk1.7.0_17.jdk/Contents/Home/jre/lib/libnio.dylib
0x000000010dd3e000 	/private/var/folders/55/xkqw7p6535l3dx5zl3lyss900000gn/T/sqlite-3.7.151-x86_64-libsqlitejdbc.jnilib

VM Arguments:
jvm_args: -agentlib:jdwp=transport=dt_socket,suspend=y,address=localhost:60436 -Drjrcontext=/todo-rest -Drjrwebapp=/Users/jarpi/Workspaces/Eclipse/todo-rest/WebContent -Drjrport=8080 -Drjrsslport=8443 -Drjrkeystore=/Users/jarpi/.keystore -Drjrkeypassword=changeit -Drjrpassword=changeit -Drjrscanintervalseconds=5 -Drjrenablescanner=false -DrjrignoreScanClassFile=true -Drjrenablessl=false -Drjrneedclientauth=false -Drjrparentloaderpriority=true -DrjrenbaleJNDI=false -XX:MaxPermSize=128m -Drjrclasspath=-y-/Users/jarpi/Workspaces/Eclipse/todo-rest/build/classes:-y-/Users/jarpi/Workspaces/Eclipse/todo-rest/WebContent/WEB-INF/lib/junit-4.11.jar:-y-/Users/jarpi/Workspaces/Eclipse/todo-rest/WebContent/WEB-INF/lib/mongo-2.10.1.jar:-y-/Users/jarpi/Workspaces/Eclipse/todo-rest/WebContent/WEB-INF/lib/hamcrest-core-1.3.jar:-y-/Users/jarpi/Workspaces/Eclipse/todo-rest/WebContent/WEB-INF/lib/jetty-util-8.1.10.v20130312.jar:-y-/Users/jarpi/Workspaces/Eclipse/todo-rest/WebContent/WEB-INF/lib/jetty-websocket-8.1.10.v20130312.jar:-y-/Users/jarpi/Workspaces/Eclipse/todo-rest/WebContent/WEB-INF/lib/servlet-api-3.0.jar:-y-/Users/jarpi/Workspaces/Eclipse/todo-rest/WebContent/WEB-INF/lib/customizer.jar:-y-/Users/jarpi/Workspaces/Eclipse/todo-rest/WebContent/WEB-INF/lib/sqlite-jdbc-3.7.15-M1.jar -Drjrscanlist=file:///Users/jarpi/Workspaces/Eclipse/.metadata/.plugins/runjettyrun/todo-rest.scanlist -DrjrResourceMapping= -DrjrEclipseListener=57119 -Dfile.encoding=UTF-8 
java_command: runjettyrun.Bootstrap
Launcher Type: SUN_STANDARD

Environment Variables:
PATH=/usr/bin:/bin:/usr/sbin:/sbin
SHELL=/bin/bash

Signal Handlers:
SIGSEGV: [libjvm.dylib+0x4a361d], sa_mask[0]=0xfffefeff, sa_flags=0x00000042
SIGBUS: [libjvm.dylib+0x4a361d], sa_mask[0]=0xfffefeff, sa_flags=0x00000042
SIGFPE: [libjvm.dylib+0x3b302d], sa_mask[0]=0xfffefeff, sa_flags=0x00000042
SIGPIPE: [libjvm.dylib+0x3b302d], sa_mask[0]=0xfffefeff, sa_flags=0x00000042
SIGXFSZ: [libjvm.dylib+0x3b302d], sa_mask[0]=0xfffefeff, sa_flags=0x00000042
SIGILL: [libjvm.dylib+0x3b302d], sa_mask[0]=0xfffefeff, sa_flags=0x00000042
SIGUSR1: SIG_DFL, sa_mask[0]=0x00000000, sa_flags=0x00000002
SIGUSR2: [libjvm.dylib+0x3b2bc6], sa_mask[0]=0x00000004, sa_flags=0x00000042
SIGHUP: [libjvm.dylib+0x3b0e27], sa_mask[0]=0xfffefeff, sa_flags=0x00000042
SIGINT: [libjvm.dylib+0x3b0e27], sa_mask[0]=0xfffefeff, sa_flags=0x00000042
SIGTERM: [libjvm.dylib+0x3b0e27], sa_mask[0]=0xfffefeff, sa_flags=0x00000042
SIGQUIT: [libjvm.dylib+0x3b0e27], sa_mask[0]=0xfffefeff, sa_flags=0x00000042


---------------  S Y S T E M  ---------------

OS:Bsduname:Darwin 13.0.0 Darwin Kernel Version 13.0.0: Thu Sep 19 22:22:27 PDT 2013; root:xnu-2422.1.72~6/RELEASE_X86_64 x86_64
rlimit: STACK 8192k, CORE 0k, NPROC 266, NOFILE 10240, AS infinity
load average:1.53 1.61 1.50

CPU:total 4 (2 cores per cpu, 2 threads per core) family 6 model 42 stepping 7, cmov, cx8, fxsr, mmx, sse, sse2, sse3, ssse3, sse4.1, sse4.2, popcnt, avx, ht, tsc, tscinvbit

Memory: 4k page, physical 1306396k(326599k free)

/proc/meminfo:


vm_info: Java HotSpot(TM) 64-Bit Server VM (23.7-b01) for bsd-amd64 JRE (1.7.0_17-b02), built on Mar  1 2013 06:41:23 by "java_re" with gcc 4.2.1 (Based on Apple Inc. build 5658) (LLVM build 2336.11.00)

time: Sun Aug 17 20:53:13 2014
elapsed time: 89 seconds

