#
# A fatal error has been detected by the Java Runtime Environment:
#
#  Internal Error (javaCalls.cpp:62), pid=2144, tid=9219
#  guarantee(thread->is_Java_thread()) failed: crucial check - the VM thread cannot and must not escape to Java code
#
# JRE version: 7.0_17-b02
# Java VM: Java HotSpot(TM) 64-Bit Server VM (23.7-b01 mixed mode bsd-amd64 compressed oops)
# Failed to write core dump. Core dumps have been disabled. To enable core dumping, try "ulimit -c unlimited" before starting Java again
#
# If you would like to submit a bug report, please visit:
#   http://bugreport.sun.com/bugreport/crash.jsp
#

---------------  T H R E A D  ---------------

Current thread (0x00007fecac03e000):  VMThread [stack: 0x000000012832d000,0x000000012842d000] [id=9219]

Stack: [0x000000012832d000,0x000000012842d000],  sp=0x000000012842bf40,  free space=1019k
Native frames: (J=compiled Java code, j=interpreted, Vv=VM code, C=native code)
V  [libjvm.dylib+0x4a30f7]
V  [libjvm.dylib+0x1b1e8f]
V  [libjvm.dylib+0x288048]
V  [libjvm.dylib+0x2884cb]
V  [libjvm.dylib+0x2887cd]
V  [libjvm.dylib+0x1fc90b]
V  [libjvm.dylib+0x1fcb53]
V  [libjvm.dylib+0x1fcb6e]
V  [libjvm.dylib+0x22b248]
V  [libjvm.dylib+0x22b6e9]
V  [libjvm.dylib+0x22b737]
V  [libjvm.dylib+0x22db09]
V  [libjvm.dylib+0x22dd1d]
V  [libjvm.dylib+0x22e192]
V  [libjvm.dylib+0x22e520]
V  [libjvm.dylib+0x3ae791]
V  [libjvm.dylib+0x3ae8f1]
V  [libjvm.dylib+0x3aeb14]
V  [libjvm.dylib+0x49d491]
V  [libjvm.dylib+0x309edd]
V  [libjvm.dylib+0x4a9f05]
V  [libjvm.dylib+0x4a8c8a]
V  [libjvm.dylib+0x4a9078]
V  [libjvm.dylib+0x4a8a27]
V  [libjvm.dylib+0x3b5191]
C  [libsystem_pthread.dylib+0x1899]  _pthread_body+0x8a
C  [libsystem_pthread.dylib+0x172a]  _pthread_struct_init+0x0
C  [libsystem_pthread.dylib+0x5fc9]  thread_start+0xd

VM_Operation (0x000000012898a9a0): GetOrSetLocal, mode: safepoint, requested by thread 0x00007fecac841800


---------------  P R O C E S S  ---------------

Java Threads: ( => current thread )
  0x00007fecad2fb000 JavaThread "qtp805658690-22" [_thread_blocked, id=19203, stack(0x000000012a649000,0x000000012a749000)]
  0x00007fecad7dc000 JavaThread "qtp805658690-21" [_thread_blocked, id=18947, stack(0x000000012a546000,0x000000012a646000)]
  0x00007fecaf809000 JavaThread "qtp805658690-20" [_thread_blocked, id=18691, stack(0x000000012a443000,0x000000012a543000)]
  0x00007fecac624000 JavaThread "qtp805658690-19" [_thread_blocked, id=18435, stack(0x000000012a340000,0x000000012a440000)]
  0x00007fecaf808000 JavaThread "qtp805658690-18" [_thread_blocked, id=18179, stack(0x000000012a23d000,0x000000012a33d000)]
  0x00007fecac7f7800 JavaThread "qtp805658690-17" [_thread_blocked, id=17923, stack(0x000000012a13a000,0x000000012a23a000)]
  0x00007fecadf91800 JavaThread "qtp805658690-16 Acceptor0 SelectChannelConnector@0.0.0.0:8080" [_thread_in_native, id=17667, stack(0x000000012a037000,0x000000012a137000)]
  0x00007fecaed08000 JavaThread "qtp805658690-15 Selector0" [_thread_in_native, id=17411, stack(0x0000000129f34000,0x000000012a034000)]
  0x00007fecadf3f000 JavaThread "HashSessionScavenger-0" daemon [_thread_blocked, id=17155, stack(0x0000000129a8d000,0x0000000129b8d000)]
  0x00007fecad914800 JavaThread "Thread-1" [_thread_in_native, id=16899, stack(0x0000000129346000,0x0000000129446000)]
  0x00007fecad913800 JavaThread "Thread-0" [_thread_blocked, id=16643, stack(0x0000000129243000,0x0000000129343000)]
  0x00007fecad003800 JavaThread "Service Thread" daemon [_thread_blocked, id=16131, stack(0x0000000128d9a000,0x0000000128e9a000)]
  0x00007fecad804000 JavaThread "C2 CompilerThread1" daemon [_thread_blocked, id=15875, stack(0x0000000128c97000,0x0000000128d97000)]
  0x00007fecad003000 JavaThread "C2 CompilerThread0" daemon [_thread_blocked, id=15619, stack(0x0000000128b94000,0x0000000128c94000)]
  0x00007fecac04b000 JavaThread "JDWP Command Reader" daemon [_thread_in_native, id=15363, stack(0x0000000128a91000,0x0000000128b91000)]
  0x00007fecac842000 JavaThread "JDWP Event Helper Thread" daemon [_thread_blocked, id=15107, stack(0x000000012898e000,0x0000000128a8e000)]
  0x00007fecac841800 JavaThread "JDWP Transport Listener: dt_socket" daemon [_thread_blocked, id=14851, stack(0x000000012888b000,0x000000012898b000)]
  0x00007fecac04a000 JavaThread "Signal Dispatcher" daemon [_thread_blocked, id=14595, stack(0x0000000128782000,0x0000000128882000)]
  0x00007fecac827800 JavaThread "Finalizer" daemon [_thread_blocked, id=9731, stack(0x0000000128533000,0x0000000128633000)]
  0x00007fecac826800 JavaThread "Reference Handler" daemon [_thread_blocked, id=9475, stack(0x0000000128430000,0x0000000128530000)]
  0x00007fecad800000 JavaThread "main" [_thread_blocked, id=5891, stack(0x0000000107cab000,0x0000000107dab000)]

Other Threads:
=>0x00007fecac03e000 VMThread [stack: 0x000000012832d000,0x000000012842d000] [id=9219]
  0x00007fecac82c000 WatcherThread [stack: 0x0000000128e9d000,0x0000000128f9d000] [id=16387]

VM state:at safepoint (normal execution)

VM Mutex/Monitor currently owned by a thread:  ([mutex/lock_event])
[0x00007fecabe0ff30] Threads_lock - owner thread: 0x00007fecac03e000

Heap
 def new generation   total 6464K, used 1469K [0x000000010af10000, 0x000000010b610000, 0x0000000111f10000)
  eden space 5760K,  13% used [0x000000010af10000, 0x000000010afcf7a8, 0x000000010b4b0000)
  from space 704K, 100% used [0x000000010b560000, 0x000000010b610000, 0x000000010b610000)
  to   space 704K,   0% used [0x000000010b4b0000, 0x000000010b4b0000, 0x000000010b560000)
 tenured generation   total 14336K, used 8754K [0x0000000111f10000, 0x0000000112d10000, 0x000000011ff10000)
   the space 14336K,  61% used [0x0000000111f10000, 0x000000011279c860, 0x000000011279ca00, 0x0000000112d10000)
 compacting perm gen  total 21248K, used 11670K [0x000000011ff10000, 0x00000001213d0000, 0x0000000127f10000)
   the space 21248K,  54% used [0x000000011ff10000, 0x0000000120a759e8, 0x0000000120a75a00, 0x00000001213d0000)
No shared spaces configured.

Card table byte_map: [0x0000000127f10000,0x0000000127ff9000] byte_map_base: 0x00000001276b8780

Polling page: 0x00000001069ff000

Code Cache  [0x0000000107e3d000, 0x00000001080ad000, 0x000000010ae3d000)
 total_blobs=465 nmethods=194 adapters=231 free_code_cache=48006Kb largest_free_block=49121152

Compilation events (10 events):
Event: 2.874 Thread 0x00007fecad804000 nmethod 193 0x0000000107f16950 code [0x0000000107f16a80, 0x0000000107f16af8]
Event: 2.894 Thread 0x00007fecad003000 nmethod 190 0x0000000107f19b10 code [0x0000000107f19de0, 0x0000000107f1ac90]
Event: 8.582 Thread 0x00007fecad804000  194             java.util.regex.Matcher::search (109 bytes)
Event: 8.602 Thread 0x00007fecad003000  195             sun.misc.URLClassPath::getResource (74 bytes)
Event: 8.603 Thread 0x00007fecad804000 nmethod 194 0x0000000107f5ef50 code [0x0000000107f5f100, 0x0000000107f5fab8]
Event: 8.606 Thread 0x00007fecad003000 nmethod 195 0x0000000107ecc850 code [0x0000000107ecc9c0, 0x0000000107eccae8]
Event: 10.613 Thread 0x00007fecad804000  196             java.util.regex.Pattern::RemoveQEQuoting (285 bytes)
Event: 10.629 Thread 0x00007fecad804000 nmethod 196 0x0000000107eb91d0 code [0x0000000107eb93a0, 0x0000000107eb9de8]
Event: 11.424 Thread 0x00007fecad003000  197             java.io.DataOutputStream::writeUTF (435 bytes)
Event: 11.455 Thread 0x00007fecad003000 nmethod 197 0x0000000107eccfd0 code [0x0000000107ecd180, 0x0000000107ecdf08]

GC Heap History (10 events):
Event: 1.695 GC heap before
{Heap before GC invocations=4 (full 0):
 def new generation   total 6464K, used 6464K [0x000000010af10000, 0x000000010b610000, 0x0000000111f10000)
  eden space 5760K, 100% used [0x000000010af10000, 0x000000010b4b0000, 0x000000010b4b0000)
  from space 704K, 100% used [0x000000010b4b0000, 0x000000010b560000, 0x000000010b560000)
  to   space 704K,   0% used [0x000000010b560000, 0x000000010b560000, 0x000000010b610000)
 tenured generation   total 14336K, used 4323K [0x0000000111f10000, 0x0000000112d10000, 0x000000011ff10000)
   the space 14336K,  30% used [0x0000000111f10000, 0x0000000112348d40, 0x0000000112348e00, 0x0000000112d10000)
 compacting perm gen  total 21248K, used 8748K [0x000000011ff10000, 0x00000001213d0000, 0x0000000127f10000)
   the space 21248K,  41% used [0x000000011ff10000, 0x000000012079b0c0, 0x000000012079b200, 0x00000001213d0000)
No shared spaces configured.
Event: 1.705 GC heap after
Heap after GC invocations=5 (full 0):
 def new generation   total 6464K, used 704K [0x000000010af10000, 0x000000010b610000, 0x0000000111f10000)
  eden space 5760K,   0% used [0x000000010af10000, 0x000000010af10000, 0x000000010b4b0000)
  from space 704K, 100% used [0x000000010b560000, 0x000000010b610000, 0x000000010b610000)
  to   space 704K,   0% used [0x000000010b4b0000, 0x000000010b4b0000, 0x000000010b560000)
 tenured generation   total 14336K, used 5801K [0x0000000111f10000, 0x0000000112d10000, 0x000000011ff10000)
   the space 14336K,  40% used [0x0000000111f10000, 0x00000001124ba6b0, 0x00000001124ba800, 0x0000000112d10000)
 compacting perm gen  total 21248K, used 8748K [0x000000011ff10000, 0x00000001213d0000, 0x0000000127f10000)
   the space 21248K,  41% used [0x000000011ff10000, 0x000000012079b0c0, 0x000000012079b200, 0x00000001213d0000)
No shared spaces configured.
}
Event: 1.928 GC heap before
{Heap before GC invocations=5 (full 0):
 def new generation   total 6464K, used 6464K [0x000000010af10000, 0x000000010b610000, 0x0000000111f10000)
  eden space 5760K, 100% used [0x000000010af10000, 0x000000010b4b0000, 0x000000010b4b0000)
  from space 704K, 100% used [0x000000010b560000, 0x000000010b610000, 0x000000010b610000)
  to   space 704K,   0% used [0x000000010b4b0000, 0x000000010b4b0000, 0x000000010b560000)
 tenured generation   total 14336K, used 5801K [0x0000000111f10000, 0x0000000112d10000, 0x000000011ff10000)
   the space 14336K,  40% used [0x0000000111f10000, 0x00000001124ba6b0, 0x00000001124ba800, 0x0000000112d10000)
 compacting perm gen  total 21248K, used 8759K [0x000000011ff10000, 0x00000001213d0000, 0x0000000127f10000)
   the space 21248K,  41% used [0x000000011ff10000, 0x000000012079dc88, 0x000000012079de00, 0x00000001213d0000)
No shared spaces configured.
Event: 1.932 GC heap after
Heap after GC invocations=6 (full 0):
 def new generation   total 6464K, used 704K [0x000000010af10000, 0x000000010b610000, 0x0000000111f10000)
  eden space 5760K,   0% used [0x000000010af10000, 0x000000010af10000, 0x000000010b4b0000)
  from space 704K, 100% used [0x000000010b4b0000, 0x000000010b560000, 0x000000010b560000)
  to   space 704K,   0% used [0x000000010b560000, 0x000000010b560000, 0x000000010b610000)
 tenured generation   total 14336K, used 7089K [0x0000000111f10000, 0x0000000112d10000, 0x000000011ff10000)
   the space 14336K,  49% used [0x0000000111f10000, 0x00000001125fc5b0, 0x00000001125fc600, 0x0000000112d10000)
 compacting perm gen  total 21248K, used 8759K [0x000000011ff10000, 0x00000001213d0000, 0x0000000127f10000)
   the space 21248K,  41% used [0x000000011ff10000, 0x000000012079dc88, 0x000000012079de00, 0x00000001213d0000)
No shared spaces configured.
}
Event: 2.199 GC heap before
{Heap before GC invocations=6 (full 0):
 def new generation   total 6464K, used 6464K [0x000000010af10000, 0x000000010b610000, 0x0000000111f10000)
  eden space 5760K, 100% used [0x000000010af10000, 0x000000010b4b0000, 0x000000010b4b0000)
  from space 704K, 100% used [0x000000010b4b0000, 0x000000010b560000, 0x000000010b560000)
  to   space 704K,   0% used [0x000000010b560000, 0x000000010b560000, 0x000000010b610000)
 tenured generation   total 14336K, used 7089K [0x0000000111f10000, 0x0000000112d10000, 0x000000011ff10000)
   the space 14336K,  49% used [0x0000000111f10000, 0x00000001125fc5b0, 0x00000001125fc600, 0x0000000112d10000)
 compacting perm gen  total 21248K, used 9690K [0x000000011ff10000, 0x00000001213d0000, 0x0000000127f10000)
   the space 21248K,  45% used [0x000000011ff10000, 0x0000000120886a00, 0x0000000120886a00, 0x00000001213d0000)
No shared spaces configured.
Event: 2.208 GC heap after
Heap after GC invocations=7 (full 0):
 def new generation   total 6464K, used 704K [0x000000010af10000, 0x000000010b610000, 0x0000000111f10000)
  eden space 5760K,   0% used [0x000000010af10000, 0x000000010af10000, 0x000000010b4b0000)
  from space 704K, 100% used [0x000000010b560000, 0x000000010b610000, 0x000000010b610000)
  to   space 704K,   0% used [0x000000010b4b0000, 0x000000010b4b0000, 0x000000010b560000)
 tenured generation   total 14336K, used 8163K [0x0000000111f10000, 0x0000000112d10000, 0x000000011ff10000)
   the space 14336K,  56% used [0x0000000111f10000, 0x0000000112708da8, 0x0000000112708e00, 0x0000000112d10000)
 compacting perm gen  total 21248K, used 9690K [0x000000011ff10000, 0x00000001213d0000, 0x0000000127f10000)
   the space 21248K,  45% used [0x000000011ff10000, 0x0000000120886a00, 0x0000000120886a00, 0x00000001213d0000)
No shared spaces configured.
}
Event: 2.721 GC heap before
{Heap before GC invocations=7 (full 0):
 def new generation   total 6464K, used 6464K [0x000000010af10000, 0x000000010b610000, 0x0000000111f10000)
  eden space 5760K, 100% used [0x000000010af10000, 0x000000010b4b0000, 0x000000010b4b0000)
  from space 704K, 100% used [0x000000010b560000, 0x000000010b610000, 0x000000010b610000)
  to   space 704K,   0% used [0x000000010b4b0000, 0x000000010b4b0000, 0x000000010b560000)
 tenured generation   total 14336K, used 8163K [0x0000000111f10000, 0x0000000112d10000, 0x000000011ff10000)
   the space 14336K,  56% used [0x0000000111f10000, 0x0000000112708da8, 0x0000000112708e00, 0x0000000112d10000)
 compacting perm gen  total 21248K, used 9959K [0x000000011ff10000, 0x00000001213d0000, 0x0000000127f10000)
   the space 21248K,  46% used [0x000000011ff10000, 0x00000001208c9f60, 0x00000001208ca000, 0x00000001213d0000)
No shared spaces configured.
Event: 2.725 GC heap after
Heap after GC invocations=8 (full 0):
 def new generation   total 6464K, used 299K [0x000000010af10000, 0x000000010b610000, 0x0000000111f10000)
  eden space 5760K,   0% used [0x000000010af10000, 0x000000010af10000, 0x000000010b4b0000)
  from space 704K,  42% used [0x000000010b4b0000, 0x000000010b4faca0, 0x000000010b560000)
  to   space 704K,   0% used [0x000000010b560000, 0x000000010b560000, 0x000000010b610000)
 tenured generation   total 14336K, used 8527K [0x0000000111f10000, 0x0000000112d10000, 0x000000011ff10000)
   the space 14336K,  59% used [0x0000000111f10000, 0x0000000112763c98, 0x0000000112763e00, 0x0000000112d10000)
 compacting perm gen  total 21248K, used 9959K [0x000000011ff10000, 0x00000001213d0000, 0x0000000127f10000)
   the space 21248K,  46% used [0x000000011ff10000, 0x00000001208c9f60, 0x00000001208ca000, 0x00000001213d0000)
No shared spaces configured.
}
Event: 11.371 GC heap before
{Heap before GC invocations=8 (full 0):
 def new generation   total 6464K, used 6059K [0x000000010af10000, 0x000000010b610000, 0x0000000111f10000)
  eden space 5760K, 100% used [0x000000010af10000, 0x000000010b4b0000, 0x000000010b4b0000)
  from space 704K,  42% used [0x000000010b4b0000, 0x000000010b4faca0, 0x000000010b560000)
  to   space 704K,   0% used [0x000000010b560000, 0x000000010b560000, 0x000000010b610000)
 tenured generation   total 14336K, used 8527K [0x0000000111f10000, 0x0000000112d10000, 0x000000011ff10000)
   the space 14336K,  59% used [0x0000000111f10000, 0x0000000112763c98, 0x0000000112763e00, 0x0000000112d10000)
 compacting perm gen  total 21248K, used 11618K [0x000000011ff10000, 0x00000001213d0000, 0x0000000127f10000)
   the space 21248K,  54% used [0x000000011ff10000, 0x0000000120a68ab8, 0x0000000120a68c00, 0x00000001213d0000)
No shared spaces configured.
Event: 11.379 GC heap after
Heap after GC invocations=9 (full 0):
 def new generation   total 6464K, used 704K [0x000000010af10000, 0x000000010b610000, 0x0000000111f10000)
  eden space 5760K,   0% used [0x000000010af10000, 0x000000010af10000, 0x000000010b4b0000)
  from space 704K, 100% used [0x000000010b560000, 0x000000010b610000, 0x000000010b610000)
  to   space 704K,   0% used [0x000000010b4b0000, 0x000000010b4b0000, 0x000000010b560000)
 tenured generation   total 14336K, used 8754K [0x0000000111f10000, 0x0000000112d10000, 0x000000011ff10000)
   the space 14336K,  61% used [0x0000000111f10000, 0x000000011279c860, 0x000000011279ca00, 0x0000000112d10000)
 compacting perm gen  total 21248K, used 11618K [0x000000011ff10000, 0x00000001213d0000, 0x0000000127f10000)
   the space 21248K,  54% used [0x000000011ff10000, 0x0000000120a68ab8, 0x0000000120a68c00, 0x00000001213d0000)
No shared spaces configured.
}

Deoptimization events (10 events):
Event: 2.180 Thread 0x00007fecad800000 Uncommon trap -34 fr.pc 0x0000000107edb0d8
Event: 2.180 Thread 0x00007fecad800000 Uncommon trap -34 fr.pc 0x0000000107edb0d8
Event: 2.180 Thread 0x00007fecad800000 Uncommon trap -34 fr.pc 0x0000000107edb0d8
Event: 2.180 Thread 0x00007fecad800000 Uncommon trap -34 fr.pc 0x0000000107edb0d8
Event: 2.744 Thread 0x00007fecad800000 Uncommon trap -34 fr.pc 0x0000000107f07ef8
Event: 2.765 Thread 0x00007fecad800000 Uncommon trap -34 fr.pc 0x0000000107edbfe4
Event: 2.860 Thread 0x00007fecad800000 Uncommon trap -58 fr.pc 0x0000000107ed9cec
Event: 2.860 Thread 0x00007fecadf91800 Uncommon trap -58 fr.pc 0x0000000107ed9cec
Event: 2.862 Thread 0x00007fecadf91800 Uncommon trap -58 fr.pc 0x0000000107ed9cec
Event: 2.862 Thread 0x00007fecadf91800 Uncommon trap -58 fr.pc 0x0000000107ed9cec

Internal exceptions (10 events):
Event: 11.412 Thread 0x00007fecac624000 Threw 0x000000010af2cf88 at /HUDSON/workspace/jdk7u17-2-build-macosx-amd64-product/jdk7u17/hotspot/src/share/vm/prims/jvm.cpp:1166
Event: 11.413 Thread 0x00007fecac624000 Threw 0x000000010af2fef8 at /HUDSON/workspace/jdk7u17-2-build-macosx-amd64-product/jdk7u17/hotspot/src/share/vm/prims/jvm.cpp:1166
Event: 11.491 Thread 0x00007fecac624000 Threw 0x000000010af40ed0 at /HUDSON/workspace/jdk7u17-2-build-macosx-amd64-product/jdk7u17/hotspot/src/share/vm/prims/jvm.cpp:1166
Event: 11.493 Thread 0x00007fecac624000 Threw 0x000000010af44768 at /HUDSON/workspace/jdk7u17-2-build-macosx-amd64-product/jdk7u17/hotspot/src/share/vm/prims/jvm.cpp:1166
Event: 11.497 Thread 0x00007fecac624000 Threw 0x000000010af49d20 at /HUDSON/workspace/jdk7u17-2-build-macosx-amd64-product/jdk7u17/hotspot/src/share/vm/prims/jvm.cpp:1166
Event: 11.497 Thread 0x00007fecac624000 Threw 0x000000010af4e1f8 at /HUDSON/workspace/jdk7u17-2-build-macosx-amd64-product/jdk7u17/hotspot/src/share/vm/prims/jvm.cpp:1166
Event: 18.723 Thread 0x00007fecac624000 Threw 0x000000010af53b40 at /HUDSON/workspace/jdk7u17-2-build-macosx-amd64-product/jdk7u17/hotspot/src/share/vm/prims/jvm.cpp:1166
Event: 18.724 Thread 0x00007fecac624000 Threw 0x000000010af5e8d8 at /HUDSON/workspace/jdk7u17-2-build-macosx-amd64-product/jdk7u17/hotspot/src/share/vm/prims/jvm.cpp:1166
Event: 31.284 Thread 0x00007fecac624000 Threw 0x000000010af633e8 at /HUDSON/workspace/jdk7u17-2-build-macosx-amd64-product/jdk7u17/hotspot/src/share/vm/prims/jvm.cpp:1166
Event: 31.285 Thread 0x00007fecac624000 Threw 0x000000010af66768 at /HUDSON/workspace/jdk7u17-2-build-macosx-amd64-product/jdk7u17/hotspot/src/share/vm/prims/jvm.cpp:1166

Events (10 events):
Event: 200.128 Executing VM operation: ChangeBreakpoints done
Event: 200.135 Executing VM operation: EnterInterpOnlyMode
Event: 200.135 Executing VM operation: EnterInterpOnlyMode done
Event: 200.135 Executing VM operation: GetCurrentLocation
Event: 200.135 Executing VM operation: GetCurrentLocation done
Event: 200.135 Executing VM operation: ChangeSingleStep
Event: 200.135 Executing VM operation: ChangeSingleStep done
Event: 200.135 Executing VM operation: ChangeSingleStep
Event: 200.135 Executing VM operation: ChangeSingleStep done
Event: 201.272 Executing VM operation: GetOrSetLocal


Dynamic libraries:
0x000000000cf8c000 	/System/Library/Frameworks/Cocoa.framework/Versions/A/Cocoa
0x000000000cf8c000 	/System/Library/Frameworks/Security.framework/Versions/A/Security
0x000000000cf8c000 	/System/Library/Frameworks/ApplicationServices.framework/Versions/A/ApplicationServices
0x000000000cf8c000 	/usr/lib/libz.1.dylib
0x000000000cf8c000 	/usr/lib/libSystem.B.dylib
0x000000000cf8c000 	/usr/lib/libobjc.A.dylib
0x000000000cf8c000 	/System/Library/Frameworks/CoreFoundation.framework/Versions/A/CoreFoundation
0x000000000cf8c000 	/System/Library/Frameworks/AppKit.framework/Versions/C/AppKit
0x000000000cf8c000 	/System/Library/Frameworks/CoreData.framework/Versions/A/CoreData
0x000000000cf8c000 	/System/Library/Frameworks/Foundation.framework/Versions/C/Foundation
0x000000000cf8c000 	/System/Library/PrivateFrameworks/RemoteViewServices.framework/Versions/A/RemoteViewServices
0x000000000cf8c000 	/System/Library/Frameworks/AudioToolbox.framework/Versions/A/AudioToolbox
0x000000000cf8c000 	/System/Library/Frameworks/AudioUnit.framework/Versions/A/AudioUnit
0x000000000cf8c000 	/System/Library/PrivateFrameworks/DataDetectorsCore.framework/Versions/A/DataDetectorsCore
0x000000000cf8c000 	/System/Library/PrivateFrameworks/DesktopServicesPriv.framework/Versions/A/DesktopServicesPriv
0x000000000cf8c000 	/System/Library/Frameworks/Carbon.framework/Versions/A/Frameworks/HIToolbox.framework/Versions/A/HIToolbox
0x000000000cf8c000 	/System/Library/Frameworks/QuartzCore.framework/Versions/A/QuartzCore
0x000000000cf8c000 	/System/Library/Frameworks/Carbon.framework/Versions/A/Frameworks/SpeechRecognition.framework/Versions/A/SpeechRecognition
0x000000000cf8c000 	/usr/lib/libauto.dylib
0x000000000cf8c000 	/usr/lib/libicucore.A.dylib
0x000000000cf8c000 	/usr/lib/libxml2.2.dylib
0x000000000cf8c000 	/System/Library/PrivateFrameworks/CoreUI.framework/Versions/A/CoreUI
0x000000000cf8c000 	/System/Library/Frameworks/CoreAudio.framework/Versions/A/CoreAudio
0x000000000cf8c000 	/System/Library/Frameworks/DiskArbitration.framework/Versions/A/DiskArbitration
0x000000000cf8c000 	/usr/lib/liblangid.dylib
0x000000000cf8c000 	/System/Library/PrivateFrameworks/MultitouchSupport.framework/Versions/A/MultitouchSupport
0x000000000cf8c000 	/System/Library/Frameworks/IOKit.framework/Versions/A/IOKit
0x000000000cf8c000 	/usr/lib/libDiagnosticMessagesClient.dylib
0x000000000cf8c000 	/System/Library/Frameworks/CoreServices.framework/Versions/A/CoreServices
0x000000000cf8c000 	/System/Library/PrivateFrameworks/PerformanceAnalysis.framework/Versions/A/PerformanceAnalysis
0x000000000cf8c000 	/System/Library/PrivateFrameworks/GenerationalStorage.framework/Versions/A/GenerationalStorage
0x000000000cf8c000 	/System/Library/Frameworks/OpenGL.framework/Versions/A/OpenGL
0x000000000cf8c000 	/System/Library/PrivateFrameworks/Sharing.framework/Versions/A/Sharing
0x000000000cf8c000 	/System/Library/Frameworks/ImageIO.framework/Versions/A/ImageIO
0x000000000cf8c000 	/System/Library/Frameworks/CoreText.framework/Versions/A/CoreText
0x000000000cf8c000 	/System/Library/Frameworks/CoreGraphics.framework/Versions/A/CoreGraphics
0x000000000cf8c000 	/System/Library/PrivateFrameworks/Backup.framework/Versions/A/Backup
0x000000000cf8c000 	/System/Library/Frameworks/CFNetwork.framework/Versions/A/CFNetwork
0x000000000cf8c000 	/System/Library/Frameworks/SystemConfiguration.framework/Versions/A/SystemConfiguration
0x000000000cf8c000 	/usr/lib/libCRFSuite.dylib
0x000000000cf8c000 	/usr/lib/libc++.1.dylib
0x000000000cf8c000 	/usr/lib/libc++abi.dylib
0x000000000cf8c000 	/usr/lib/system/libcache.dylib
0x000000000cf8c000 	/usr/lib/system/libcommonCrypto.dylib
0x000000000cf8c000 	/usr/lib/system/libcompiler_rt.dylib
0x000000000cf8c000 	/usr/lib/system/libcopyfile.dylib
0x000000000cf8c000 	/usr/lib/system/libcorecrypto.dylib
0x000000000cf8c000 	/usr/lib/system/libdispatch.dylib
0x000000000cf8c000 	/usr/lib/system/libdyld.dylib
0x000000000cf8c000 	/usr/lib/system/libkeymgr.dylib
0x000000000cf8c000 	/usr/lib/system/liblaunch.dylib
0x000000000cf8c000 	/usr/lib/system/libmacho.dylib
0x000000000cf8c000 	/usr/lib/system/libquarantine.dylib
0x000000000cf8c000 	/usr/lib/system/libremovefile.dylib
0x000000000cf8c000 	/usr/lib/system/libsystem_asl.dylib
0x000000000cf8c000 	/usr/lib/system/libsystem_blocks.dylib
0x000000000cf8c000 	/usr/lib/system/libsystem_c.dylib
0x000000000cf8c000 	/usr/lib/system/libsystem_configuration.dylib
0x000000000cf8c000 	/usr/lib/system/libsystem_dnssd.dylib
0x000000000cf8c000 	/usr/lib/system/libsystem_info.dylib
0x000000000cf8c000 	/usr/lib/system/libsystem_kernel.dylib
0x000000000cf8c000 	/usr/lib/system/libsystem_m.dylib
0x000000000cf8c000 	/usr/lib/system/libsystem_malloc.dylib
0x000000000cf8c000 	/usr/lib/system/libsystem_network.dylib
0x000000000cf8c000 	/usr/lib/system/libsystem_notify.dylib
0x000000000cf8c000 	/usr/lib/system/libsystem_platform.dylib
0x000000000cf8c000 	/usr/lib/system/libsystem_pthread.dylib
0x000000000cf8c000 	/usr/lib/system/libsystem_sandbox.dylib
0x000000000cf8c000 	/usr/lib/system/libsystem_stats.dylib
0x000000000cf8c000 	/usr/lib/system/libunc.dylib
0x000000000cf8c000 	/usr/lib/system/libunwind.dylib
0x000000000cf8c000 	/usr/lib/system/libxpc.dylib
0x000000000cf8c000 	/usr/lib/libbsm.0.dylib
0x000000000cf8c000 	/usr/lib/libsqlite3.dylib
0x000000000cf8c000 	/usr/lib/libxar.1.dylib
0x000000000cf8c000 	/usr/lib/libpam.2.dylib
0x000000000cf8c000 	/usr/lib/libOpenScriptingUtil.dylib
0x000000000cf8c000 	/usr/lib/libbz2.1.0.dylib
0x000000000cf8c000 	/System/Library/Frameworks/CoreServices.framework/Versions/A/Frameworks/CarbonCore.framework/Versions/A/CarbonCore
0x000000000cf8c000 	/System/Library/Frameworks/CoreServices.framework/Versions/A/Frameworks/Metadata.framework/Versions/A/Metadata
0x000000000cf8c000 	/System/Library/Frameworks/CoreServices.framework/Versions/A/Frameworks/OSServices.framework/Versions/A/OSServices
0x000000000cf8c000 	/System/Library/Frameworks/CoreServices.framework/Versions/A/Frameworks/SearchKit.framework/Versions/A/SearchKit
0x000000000cf8c000 	/System/Library/Frameworks/CoreServices.framework/Versions/A/Frameworks/AE.framework/Versions/A/AE
0x000000000cf8c000 	/System/Library/Frameworks/CoreServices.framework/Versions/A/Frameworks/LaunchServices.framework/Versions/A/LaunchServices
0x000000000cf8c000 	/System/Library/Frameworks/CoreServices.framework/Versions/A/Frameworks/DictionaryServices.framework/Versions/A/DictionaryServices
0x000000000cf8c000 	/System/Library/Frameworks/NetFS.framework/Versions/A/NetFS
0x000000000cf8c000 	/usr/lib/system/libkxld.dylib
0x000000000cf8c000 	/System/Library/PrivateFrameworks/NetAuth.framework/Versions/A/NetAuth
0x000000000cf8c000 	/System/Library/PrivateFrameworks/TCC.framework/Versions/A/TCC
0x000000000cf8c000 	/System/Library/Frameworks/OpenDirectory.framework/Versions/A/Frameworks/CFOpenDirectory.framework/Versions/A/CFOpenDirectory
0x000000000cf8c000 	/System/Library/Frameworks/ServiceManagement.framework/Versions/A/ServiceManagement
0x000000000cf8c000 	/usr/lib/libxslt.1.dylib
0x000000000cf8c000 	/System/Library/Frameworks/Carbon.framework/Versions/A/Frameworks/Ink.framework/Versions/A/Ink
0x000000000cf8c000 	/System/Library/Frameworks/ApplicationServices.framework/Versions/A/Frameworks/ATS.framework/Versions/A/ATS
0x000000000cf8c000 	/System/Library/Frameworks/ApplicationServices.framework/Versions/A/Frameworks/ColorSync.framework/Versions/A/ColorSync
0x000000000cf8c000 	/System/Library/Frameworks/ApplicationServices.framework/Versions/A/Frameworks/HIServices.framework/Versions/A/HIServices
0x000000000cf8c000 	/System/Library/Frameworks/ApplicationServices.framework/Versions/A/Frameworks/LangAnalysis.framework/Versions/A/LangAnalysis
0x000000000cf8c000 	/System/Library/Frameworks/ApplicationServices.framework/Versions/A/Frameworks/PrintCore.framework/Versions/A/PrintCore
0x000000000cf8c000 	/System/Library/Frameworks/ApplicationServices.framework/Versions/A/Frameworks/QD.framework/Versions/A/QD
0x000000000cf8c000 	/System/Library/Frameworks/ApplicationServices.framework/Versions/A/Frameworks/SpeechSynthesis.framework/Versions/A/SpeechSynthesis
0x000000000cf8c000 	/System/Library/Frameworks/IOSurface.framework/Versions/A/IOSurface
0x000000000cf8c000 	/System/Library/Frameworks/Accelerate.framework/Versions/A/Accelerate
0x000000000cf8c000 	/System/Library/Frameworks/Accelerate.framework/Versions/A/Frameworks/vImage.framework/Versions/A/vImage
0x000000000cf8c000 	/System/Library/Frameworks/Accelerate.framework/Versions/A/Frameworks/vecLib.framework/Versions/A/vecLib
0x000000000cf8c000 	/System/Library/Frameworks/Accelerate.framework/Versions/A/Frameworks/vecLib.framework/Versions/A/libvDSP.dylib
0x000000000cf8c000 	/System/Library/Frameworks/Accelerate.framework/Versions/A/Frameworks/vecLib.framework/Versions/A/libvMisc.dylib
0x000000000cf8c000 	/System/Library/Frameworks/Accelerate.framework/Versions/A/Frameworks/vecLib.framework/Versions/A/libLAPACK.dylib
0x000000000cf8c000 	/System/Library/Frameworks/Accelerate.framework/Versions/A/Frameworks/vecLib.framework/Versions/A/libBLAS.dylib
0x000000000cf8c000 	/System/Library/Frameworks/ApplicationServices.framework/Versions/A/Frameworks/ATS.framework/Versions/A/Resources/libFontParser.dylib
0x000000000cf8c000 	/System/Library/Frameworks/ApplicationServices.framework/Versions/A/Frameworks/ATS.framework/Versions/A/Resources/libFontRegistry.dylib
0x000000000cf8c000 	/System/Library/Frameworks/ImageIO.framework/Versions/A/Resources/libJPEG.dylib
0x000000000cf8c000 	/System/Library/Frameworks/ImageIO.framework/Versions/A/Resources/libTIFF.dylib
0x000000000cf8c000 	/System/Library/Frameworks/ImageIO.framework/Versions/A/Resources/libPng.dylib
0x000000000cf8c000 	/System/Library/Frameworks/ImageIO.framework/Versions/A/Resources/libGIF.dylib
0x000000000cf8c000 	/System/Library/Frameworks/ImageIO.framework/Versions/A/Resources/libJP2.dylib
0x000000000cf8c000 	/System/Library/Frameworks/ImageIO.framework/Versions/A/Resources/libRadiance.dylib
0x000000000cf8c000 	/usr/lib/libcups.2.dylib
0x000000000cf8c000 	/System/Library/Frameworks/Kerberos.framework/Versions/A/Kerberos
0x000000000cf8c000 	/System/Library/Frameworks/GSS.framework/Versions/A/GSS
0x000000000cf8c000 	/usr/lib/libresolv.9.dylib
0x000000000cf8c000 	/usr/lib/libiconv.2.dylib
0x000000000cf8c000 	/System/Library/PrivateFrameworks/Heimdal.framework/Versions/A/Heimdal
0x000000000cf8c000 	/System/Library/PrivateFrameworks/TrustEvaluationAgent.framework/Versions/A/TrustEvaluationAgent
0x000000000cf8c000 	/usr/lib/libheimdal-asn1.dylib
0x000000000cf8c000 	/System/Library/Frameworks/OpenDirectory.framework/Versions/A/OpenDirectory
0x000000000cf8c000 	/System/Library/PrivateFrameworks/CommonAuth.framework/Versions/A/CommonAuth
0x000000000cf8c000 	/System/Library/Frameworks/SecurityFoundation.framework/Versions/A/SecurityFoundation
0x000000000cf8c000 	/System/Library/PrivateFrameworks/Bom.framework/Versions/A/Bom
0x000000000cf8c000 	/System/Library/Frameworks/CoreVideo.framework/Versions/A/CoreVideo
0x000000000cf8c000 	/System/Library/Frameworks/QuartzCore.framework/Versions/A/Frameworks/CoreImage.framework/Versions/A/CoreImage
0x000000000cf8c000 	/System/Library/Frameworks/QuartzCore.framework/Versions/A/Frameworks/ScalableUserInterface.framework/Versions/A/ScalableUserInterface
0x000000000cf8c000 	/System/Library/Frameworks/OpenGL.framework/Versions/A/Libraries/libGLU.dylib
0x000000000cf8c000 	/System/Library/Frameworks/OpenGL.framework/Versions/A/Libraries/libGFXShared.dylib
0x000000000cf8c000 	/System/Library/Frameworks/OpenGL.framework/Versions/A/Libraries/libGL.dylib
0x000000000cf8c000 	/System/Library/Frameworks/OpenGL.framework/Versions/A/Libraries/libGLImage.dylib
0x000000000cf8c000 	/System/Library/Frameworks/OpenGL.framework/Versions/A/Libraries/libCVMSPluginSupport.dylib
0x000000000cf8c000 	/System/Library/Frameworks/OpenGL.framework/Versions/A/Libraries/libCoreVMClient.dylib
0x000000000cf8c000 	/System/Library/PrivateFrameworks/FaceCore.framework/Versions/A/FaceCore
0x000000000cf8c000 	/System/Library/PrivateFrameworks/CrashReporterSupport.framework/Versions/A/CrashReporterSupport
0x000000000cf8c000 	/System/Library/Frameworks/OpenCL.framework/Versions/A/OpenCL
0x000000000cf8c000 	/System/Library/PrivateFrameworks/AppleFSCompression.framework/Versions/A/AppleFSCompression
0x000000000cf8c000 	/System/Library/PrivateFrameworks/Ubiquity.framework/Versions/A/Ubiquity
0x000000000cf8c000 	/System/Library/PrivateFrameworks/IconServices.framework/Versions/A/IconServices
0x000000000cf8c000 	/System/Library/PrivateFrameworks/ChunkingLibrary.framework/Versions/A/ChunkingLibrary
0x000000000cf8c000 	/System/Library/PrivateFrameworks/CoreSymbolication.framework/Versions/A/CoreSymbolication
0x000000000cf8c000 	/System/Library/PrivateFrameworks/Symbolication.framework/Versions/A/Symbolication
0x000000000cf8c000 	/System/Library/PrivateFrameworks/DebugSymbols.framework/Versions/A/DebugSymbols
0x0000000107203000 	/Library/Java/JavaVirtualMachines/jdk1.7.0_17.jdk/Contents/Home/jre/lib/server/libjvm.dylib
0x000000000cf8c000 	/usr/lib/libstdc++.6.dylib
0x0000000107dad000 	/Library/Java/JavaVirtualMachines/jdk1.7.0_17.jdk/Contents/Home/jre/lib/libverify.dylib
0x0000000107dba000 	/Library/Java/JavaVirtualMachines/jdk1.7.0_17.jdk/Contents/Home/jre/lib/libjava.dylib
0x0000000107dea000 	/Library/Java/JavaVirtualMachines/jdk1.7.0_17.jdk/Contents/Home/jre/lib/libjdwp.dylib
0x0000000107e27000 	/Library/Java/JavaVirtualMachines/jdk1.7.0_17.jdk/Contents/Home/jre/lib/./libnpt.dylib
0x0000000107e34000 	/Library/Java/JavaVirtualMachines/jdk1.7.0_17.jdk/Contents/Home/jre/lib/libzip.dylib
0x0000000128635000 	/System/Library/Frameworks/JavaVM.framework/Frameworks/JavaRuntimeSupport.framework/JavaRuntimeSupport
0x000000012864d000 	/System/Library/Frameworks/JavaVM.framework/Versions/A/Frameworks/JavaNativeFoundation.framework/Versions/A/JavaNativeFoundation
0x0000000128662000 	/System/Library/Frameworks/JavaVM.framework/Versions/A/JavaVM
0x000000000cf8c000 	/System/Library/Frameworks/Carbon.framework/Versions/A/Carbon
0x000000012866f000 	/System/Library/PrivateFrameworks/JavaLaunching.framework/Versions/A/JavaLaunching
0x000000000cf8c000 	/System/Library/Frameworks/Carbon.framework/Versions/A/Frameworks/CommonPanels.framework/Versions/A/CommonPanels
0x000000000cf8c000 	/System/Library/Frameworks/Carbon.framework/Versions/A/Frameworks/Help.framework/Versions/A/Help
0x000000000cf8c000 	/System/Library/Frameworks/Carbon.framework/Versions/A/Frameworks/ImageCapture.framework/Versions/A/ImageCapture
0x000000000cf8c000 	/System/Library/Frameworks/Carbon.framework/Versions/A/Frameworks/OpenScripting.framework/Versions/A/OpenScripting
0x000000000cf8c000 	/System/Library/Frameworks/Carbon.framework/Versions/A/Frameworks/Print.framework/Versions/A/Print
0x000000000cf8c000 	/System/Library/Frameworks/Carbon.framework/Versions/A/Frameworks/SecurityHI.framework/Versions/A/SecurityHI
0x0000000128884000 	/Library/Java/JavaVirtualMachines/jdk1.7.0_17.jdk/Contents/Home/jre/lib/libdt_socket.dylib
0x0000000129025000 	/Library/Java/JavaVirtualMachines/jdk1.7.0_17.jdk/Contents/Home/jre/lib/libnet.dylib
0x000000012920f000 	/Library/Java/JavaVirtualMachines/jdk1.7.0_17.jdk/Contents/Home/jre/lib/libnio.dylib

VM Arguments:
jvm_args: -agentlib:jdwp=transport=dt_socket,suspend=y,address=localhost:56404 -Drjrcontext=/todo-rest -Drjrwebapp=/Users/jarpi/Workspaces/Eclipse/todo-rest/WebContent -Drjrport=8080 -Drjrsslport=8443 -Drjrkeystore=/Users/jarpi/.keystore -Drjrkeypassword=changeit -Drjrpassword=changeit -Drjrscanintervalseconds=5 -Drjrenablescanner=false -DrjrignoreScanClassFile=true -Drjrenablessl=false -Drjrneedclientauth=false -Drjrparentloaderpriority=true -DrjrenbaleJNDI=false -XX:MaxPermSize=128m -Drjrclasspath=-y-/Users/jarpi/Workspaces/Eclipse/todo-rest/build/classes:-y-/Users/jarpi/Workspaces/Eclipse/todo-rest/WebContent/WEB-INF/lib/junit-4.11.jar:-y-/Users/jarpi/Workspaces/Eclipse/todo-rest/WebContent/WEB-INF/lib/mongo-2.10.1.jar:-y-/Users/jarpi/Workspaces/Eclipse/todo-rest/WebContent/WEB-INF/lib/hamcrest-core-1.3.jar:-y-/Users/jarpi/Workspaces/Eclipse/todo-rest/WebContent/WEB-INF/lib/jetty-util-8.1.10.v20130312.jar:-y-/Users/jarpi/Workspaces/Eclipse/todo-rest/WebContent/WEB-INF/lib/jetty-websocket-8.1.10.v20130312.jar:-y-/Users/jarpi/Workspaces/Eclipse/todo-rest/WebContent/WEB-INF/lib/servlet-api-3.0.jar -Drjrscanlist=file:///Users/jarpi/Workspaces/Eclipse/.metadata/.plugins/runjettyrun/todo-rest.scanlist -DrjrResourceMapping= -DrjrEclipseListener=58064 -Dfile.encoding=US-ASCII 
java_command: runjettyrun.Bootstrap
Launcher Type: SUN_STANDARD

Environment Variables:
PATH=/usr/bin:/bin:/usr/sbin:/sbin
SHELL=/bin/bash

Signal Handlers:
SIGSEGV: [libjvm.dylib+0x4a361d], sa_mask[0]=0xfffefeff, sa_flags=0x00000042
SIGBUS: [libjvm.dylib+0x4a361d], sa_mask[0]=0xfffefeff, sa_flags=0x00000042
SIGFPE: [libjvm.dylib+0x3b302d], sa_mask[0]=0xfffefeff, sa_flags=0x00000042
SIGPIPE: [libjvm.dylib+0x3b302d], sa_mask[0]=0xfffefeff, sa_flags=0x00000042
SIGXFSZ: [libjvm.dylib+0x3b302d], sa_mask[0]=0xfffefeff, sa_flags=0x00000042
SIGILL: [libjvm.dylib+0x3b302d], sa_mask[0]=0xfffefeff, sa_flags=0x00000042
SIGUSR1: SIG_DFL, sa_mask[0]=0x00000000, sa_flags=0x00000002
SIGUSR2: [libjvm.dylib+0x3b2bc6], sa_mask[0]=0x00000004, sa_flags=0x00000042
SIGHUP: [libjvm.dylib+0x3b0e27], sa_mask[0]=0xfffefeff, sa_flags=0x00000042
SIGINT: [libjvm.dylib+0x3b0e27], sa_mask[0]=0xfffefeff, sa_flags=0x00000042
SIGTERM: [libjvm.dylib+0x3b0e27], sa_mask[0]=0xfffefeff, sa_flags=0x00000042
SIGQUIT: [libjvm.dylib+0x3b0e27], sa_mask[0]=0xfffefeff, sa_flags=0x00000042


---------------  S Y S T E M  ---------------

OS:Bsduname:Darwin 13.0.0 Darwin Kernel Version 13.0.0: Thu Sep 19 22:22:27 PDT 2013; root:xnu-2422.1.72~6/RELEASE_X86_64 x86_64
rlimit: STACK 8192k, CORE 0k, NPROC 266, NOFILE 10240, AS infinity
load average:1.53 1.52 1.63

CPU:total 4 (2 cores per cpu, 2 threads per core) family 6 model 42 stepping 7, cmov, cx8, fxsr, mmx, sse, sse2, sse3, ssse3, sse4.1, sse4.2, popcnt, avx, ht, tsc, tscinvbit

Memory: 4k page, physical 1374136k(343534k free)

/proc/meminfo:


vm_info: Java HotSpot(TM) 64-Bit Server VM (23.7-b01) for bsd-amd64 JRE (1.7.0_17-b02), built on Mar  1 2013 06:41:23 by "java_re" with gcc 4.2.1 (Based on Apple Inc. build 5658) (LLVM build 2336.11.00)

time: Wed Jul  2 17:53:04 2014
elapsed time: 201 seconds

